#
# There is insufficient memory for the Java Runtime Environment to continue.
# Native memory allocation (malloc) failed to allocate 1124880 bytes. Error detail: Chunk::new
# Possible reasons:
#   The system is out of physical RAM or swap space
#   This process is running with CompressedOops enabled, and the Java Heap may be blocking the growth of the native heap
# Possible solutions:
#   Reduce memory load on the system
#   Increase physical memory or swap space
#   Check if swap backing store is full
#   Decrease Java heap size (-Xmx/-Xms)
#   Decrease number of Java threads
#   Decrease Java thread stack sizes (-Xss)
#   Set larger code cache with -XX:ReservedCodeCacheSize=
#   JVM is running with Zero Based Compressed Oops mode in which the Java heap is
#     placed in the first 32GB address space. The Java Heap base address is the
#     maximum limit for the native heap growth. Please use -XX:HeapBaseMinAddress
#     to set the Java Heap base and to place the Java Heap above 32GB virtual address.
# This output file may be truncated or incomplete.
#
#  Out of Memory Error (arena.cpp:162), pid=300724, tid=302576
#
# JRE version: Java(TM) SE Runtime Environment (24.0.2+12) (build 24.0.2+12-54)
# Java VM: Java HotSpot(TM) 64-Bit Server VM (24.0.2+12-54, mixed mode, sharing, tiered, compressed oops, compressed class ptrs, g1 gc, windows-amd64)
# No core dump will be written. Minidumps are not enabled by default on client versions of Windows
#

---------------  S U M M A R Y ------------

Command Line: --module-path=D:\KULIAH PENTING\CODING\javaSDK\javafx-sdk-25.0.1\lib --add-modules=javafx.controls,javafx.fxml -Dfile.encoding=UTF-8 -Dstdout.encoding=UTF-8 -Dstderr.encoding=UTF-8 --module-path=D:\KULIAH PENTING\CODING\JAVA\SIVERA\bin;D:\KULIAH PENTING\CODING\javaSDK\mysql-connector-j-9.5.0\mysql-connector-j-9.5.0\mysql-connector-j-9.5.0.jar;D:\KULIAH PENTING\CODING\javaSDK\javafx-sdk-25.0.1\lib\javafx.base.jar;D:\KULIAH PENTING\CODING\javaSDK\javafx-sdk-25.0.1\lib\javafx.controls.jar;D:\KULIAH PENTING\CODING\javaSDK\javafx-sdk-25.0.1\lib\javafx.fxml.jar;D:\KULIAH PENTING\CODING\javaSDK\javafx-sdk-25.0.1\lib\javafx.graphics.jar;D:\KULIAH PENTING\CODING\javaSDK\javafx-sdk-25.0.1\lib\javafx.media.jar;D:\KULIAH PENTING\CODING\javaSDK\javafx-sdk-25.0.1\lib\javafx.swing.jar;D:\KULIAH PENTING\CODING\javaSDK\javafx-sdk-25.0.1\lib\javafx.web.jar;D:\KULIAH PENTING\CODING\javaSDK\javafx-sdk-25.0.1\lib\javafx-swt.jar;D:\KULIAH PENTING\CODING\javaSDK\javafx-sdk-25.0.1\lib\jdk.jsobject.jar;D:\KULIAH PENTING\CODING\javaSDK\javafx-sdk-25.0.1\lib\jfx.incubator.input.jar;D:\KULIAH PENTING\CODING\javaSDK\javafx-sdk-25.0.1\lib\jfx.incubator.richtext.jar -XX:+ShowCodeDetailsInExceptionMessages -Djdk.module.main=SIVERA SIVERA/application.Main

Host: AMD Ryzen 5 7535HS with Radeon Graphics        , 12 cores, 15G,  Windows 11 , 64 bit Build 26100 (10.0.26100.7309)
Time: Sun Dec 21 22:38:44 2025 Malay Peninsula Standard Time elapsed time: 2.192602 seconds (0d 0h 0m 2s)

---------------  T H R E A D  ---------------

Current thread (0x0000017743fea7e0):  JavaThread "C2 CompilerThread1" daemon [_thread_in_native, id=302576, stack(0x0000003caa900000,0x0000003caaa00000) (1024K)]


Current CompileTask:
C2:2192  337       4       java.lang.StringLatin1::replace (197 bytes)

Stack: [0x0000003caa900000,0x0000003caaa00000]
Native frames: (J=compiled Java code, j=interpreted, Vv=VM code, C=native code)
V  [jvm.dll+0x730829]  (no source info available)
V  [jvm.dll+0x8d9da3]  (no source info available)
V  [jvm.dll+0x8dc28d]  (no source info available)
V  [jvm.dll+0x8dc903]  (no source info available)
V  [jvm.dll+0x2a9f56]  (no source info available)
V  [jvm.dll+0xced7f]  (no source info available)
V  [jvm.dll+0xcefdf]  (no source info available)
V  [jvm.dll+0x154c83]  (no source info available)
V  [jvm.dll+0x73604f]  (no source info available)
V  [jvm.dll+0x26f8dc]  (no source info available)
V  [jvm.dll+0x26e8ff]  (no source info available)
V  [jvm.dll+0x1e9c90]  (no source info available)
V  [jvm.dll+0x27e0cb]  (no source info available)
V  [jvm.dll+0x27c36a]  (no source info available)
V  [jvm.dll+0x42f396]  (no source info available)
V  [jvm.dll+0x87d9eb]  (no source info available)
V  [jvm.dll+0x72ef45]  (no source info available)
C  [ucrtbase.dll+0x37b0]  (no source info available)
C  [KERNEL32.DLL+0x2e8d7]  (no source info available)
C  [ntdll.dll+0x8c53c]  (no source info available)

Lock stack of current Java thread (top to bottom):


---------------  P R O C E S S  ---------------

Threads class SMR info:
_java_thread_list=0x000001778993d3a0, length=13, elements={
0x00000177225159f0, 0x0000017743fbadf0, 0x0000017743fbb530, 0x0000017743fc2ec0,
0x0000017743fbf3c0, 0x0000017743fc0300, 0x0000017743fc4200, 0x0000017743fe5dc0,
0x0000017743febe90, 0x00000177890a61d0, 0x0000017743fea7e0, 0x0000017743fe89a0,
0x0000017789c7e480
}

Java Threads: ( => current thread )
  0x00000177225159f0 JavaThread "main"                              [_thread_in_vm, id=298472, stack(0x0000003ca9800000,0x0000003ca9900000) (1024K)]
  0x0000017743fbadf0 JavaThread "Reference Handler"          daemon [_thread_blocked, id=242416, stack(0x0000003caa000000,0x0000003caa100000) (1024K)]
  0x0000017743fbb530 JavaThread "Finalizer"                  daemon [_thread_blocked, id=302104, stack(0x0000003caa100000,0x0000003caa200000) (1024K)]
  0x0000017743fc2ec0 JavaThread "Signal Dispatcher"          daemon [_thread_blocked, id=296784, stack(0x0000003caa200000,0x0000003caa300000) (1024K)]
  0x0000017743fbf3c0 JavaThread "Attach Listener"            daemon [_thread_blocked, id=298604, stack(0x0000003caa300000,0x0000003caa400000) (1024K)]
  0x0000017743fc0300 JavaThread "Service Thread"             daemon [_thread_blocked, id=293144, stack(0x0000003caa400000,0x0000003caa500000) (1024K)]
  0x0000017743fc4200 JavaThread "Monitor Deflation Thread"   daemon [_thread_blocked, id=300912, stack(0x0000003caa500000,0x0000003caa600000) (1024K)]
  0x0000017743fe5dc0 JavaThread "C2 CompilerThread0"         daemon [_thread_in_native, id=301108, stack(0x0000003caa600000,0x0000003caa700000) (1024K)]
  0x0000017743febe90 JavaThread "C1 CompilerThread0"         daemon [_thread_in_native, id=302712, stack(0x0000003caa700000,0x0000003caa800000) (1024K)]
  0x00000177890a61d0 JavaThread "Common-Cleaner"             daemon [_thread_blocked, id=302340, stack(0x0000003caa800000,0x0000003caa900000) (1024K)]
=>0x0000017743fea7e0 JavaThread "C2 CompilerThread1"         daemon [_thread_in_native, id=302576, stack(0x0000003caa900000,0x0000003caaa00000) (1024K)]
  0x0000017743fe89a0 JavaThread "C2 CompilerThread2"         daemon [_thread_in_native, id=292496, stack(0x0000003caaa00000,0x0000003caab00000) (1024K)]
  0x0000017789c7e480 JavaThread "Notification Thread"        daemon [_thread_blocked, id=301360, stack(0x0000003caab00000,0x0000003caac00000) (1024K)]
Total: 13

Other Threads:
  0x0000017743fa9cc0 VMThread "VM Thread"                           [id=301436, stack(0x0000003ca9f00000,0x0000003caa000000) (1024K)]
  0x0000017743f9aa40 WatcherThread "VM Periodic Task Thread"        [id=301324, stack(0x0000003ca9e00000,0x0000003ca9f00000) (1024K)]
  0x00000177248e28f0 WorkerThread "GC Thread#0"                     [id=301992, stack(0x0000003ca9900000,0x0000003ca9a00000) (1024K)]
  0x00000177248f6bd0 ConcurrentGCThread "G1 Main Marker"            [id=301212, stack(0x0000003ca9a00000,0x0000003ca9b00000) (1024K)]
  0x00000177248fbc90 WorkerThread "G1 Conc#0"                       [id=302508, stack(0x0000003ca9b00000,0x0000003ca9c00000) (1024K)]
  0x0000017743e67420 ConcurrentGCThread "G1 Refine#0"               [id=299436, stack(0x0000003ca9c00000,0x0000003ca9d00000) (1024K)]
  0x0000017743e67ea0 ConcurrentGCThread "G1 Service"                [id=302768, stack(0x0000003ca9d00000,0x0000003ca9e00000) (1024K)]
Total: 7

Threads with active compile tasks:
C2 CompilerThread0  4263  413       4       java.util.HashMap::putVal (300 bytes)
C1 CompilerThread0  4263  609       3       java.util.ArrayList::add (23 bytes)
C2 CompilerThread1  4263  337       4       java.lang.StringLatin1::replace (197 bytes)
C2 CompilerThread2  4263  414       4       jdk.internal.module.Checks::isTypeName (49 bytes)
Total: 4

VM state: not at safepoint (normal execution)

VM Mutex/Monitor currently owned by a thread: None

Heap address: 0x000000070ac00000, size: 3924 MB, Compressed Oops mode: Zero based, Oop shift amount: 3

CDS archive(s) mapped at: [0x0000017744000000-0x0000017744d40000-0x0000017744d40000), size 13893632, SharedBaseAddress: 0x0000017744000000, ArchiveRelocationMode: 1.
Compressed class space mapped at: 0x0000017745000000-0x0000017785000000, reserved size: 1073741824
UseCompressedClassPointers 1, UseCompactObjectHeaders 0
Narrow klass pointer bits 32, Max shift 3
Narrow klass base: 0x0000017744000000, Narrow klass shift: 0
Encoding Range: [0x0000017744000000 - 0x0000017844000000), (4294967296 bytes)
Klass Range:    [0x0000017744000000 - 0x0000017785000000), (1090519040 bytes)
Klass ID Range:  [8 - 1090519033) (1090519025)

GC Precious Log:
 CardTable entry size: 512
 Card Set container configuration: InlinePtr #cards 4 size 8 Array Of Cards #cards 16 size 48 Howl #buckets 8 coarsen threshold 3686 Howl Bitmap #cards 512 size 80 coarsen threshold 460 Card regions per heap region 1 cards per card region 4096
 CPUs: 12 total, 12 available
 Memory: 15690M
 Large Page Support: Disabled
 NUMA Support: Disabled
 Compressed Oops: Enabled (Zero based)
 Heap Region Size: 2M
 Heap Min Capacity: 8M
 Heap Initial Capacity: 246M
 Heap Max Capacity: 3924M
 Pre-touch: Disabled
 Parallel Workers: 10
 Concurrent Workers: 3
 Concurrent Refinement Workers: 10
 Periodic GC: Disabled

Heap:
 garbage-first heap   total reserved 4018176K, committed 253952K, used 11380K [0x000000070ac00000, 0x0000000800000000)
  region size 2048K, 6 young (12288K), 0 survivors (0K)
 Metaspace       used 1457K, committed 1664K, reserved 1114112K
  class space    used 109K, committed 192K, reserved 1048576K

Heap Regions: E=young(eden), S=young(survivor), O=old, HS=humongous(starts), HC=humongous(continues), CS=collection set, F=free, TAMS=top-at-mark-start, PB=parsable bottom
|   0|0x000000070ac00000, 0x000000070ac00000, 0x000000070ae00000|  0%| F|  |TAMS 0x000000070ac00000| PB 0x000000070ac00000| Untracked |  0
|   1|0x000000070ae00000, 0x000000070ae00000, 0x000000070b000000|  0%| F|  |TAMS 0x000000070ae00000| PB 0x000000070ae00000| Untracked |  0
|   2|0x000000070b000000, 0x000000070b000000, 0x000000070b200000|  0%| F|  |TAMS 0x000000070b000000| PB 0x000000070b000000| Untracked |  0
|   3|0x000000070b200000, 0x000000070b200000, 0x000000070b400000|  0%| F|  |TAMS 0x000000070b200000| PB 0x000000070b200000| Untracked |  0
|   4|0x000000070b400000, 0x000000070b400000, 0x000000070b600000|  0%| F|  |TAMS 0x000000070b400000| PB 0x000000070b400000| Untracked |  0
|   5|0x000000070b600000, 0x000000070b600000, 0x000000070b800000|  0%| F|  |TAMS 0x000000070b600000| PB 0x000000070b600000| Untracked |  0
|   6|0x000000070b800000, 0x000000070b800000, 0x000000070ba00000|  0%| F|  |TAMS 0x000000070b800000| PB 0x000000070b800000| Untracked |  0
|   7|0x000000070ba00000, 0x000000070ba00000, 0x000000070bc00000|  0%| F|  |TAMS 0x000000070ba00000| PB 0x000000070ba00000| Untracked |  0
|   8|0x000000070bc00000, 0x000000070bc00000, 0x000000070be00000|  0%| F|  |TAMS 0x000000070bc00000| PB 0x000000070bc00000| Untracked |  0
|   9|0x000000070be00000, 0x000000070be00000, 0x000000070c000000|  0%| F|  |TAMS 0x000000070be00000| PB 0x000000070be00000| Untracked |  0
|  10|0x000000070c000000, 0x000000070c000000, 0x000000070c200000|  0%| F|  |TAMS 0x000000070c000000| PB 0x000000070c000000| Untracked |  0
|  11|0x000000070c200000, 0x000000070c200000, 0x000000070c400000|  0%| F|  |TAMS 0x000000070c200000| PB 0x000000070c200000| Untracked |  0
|  12|0x000000070c400000, 0x000000070c400000, 0x000000070c600000|  0%| F|  |TAMS 0x000000070c400000| PB 0x000000070c400000| Untracked |  0
|  13|0x000000070c600000, 0x000000070c600000, 0x000000070c800000|  0%| F|  |TAMS 0x000000070c600000| PB 0x000000070c600000| Untracked |  0
|  14|0x000000070c800000, 0x000000070c800000, 0x000000070ca00000|  0%| F|  |TAMS 0x000000070c800000| PB 0x000000070c800000| Untracked |  0
|  15|0x000000070ca00000, 0x000000070ca00000, 0x000000070cc00000|  0%| F|  |TAMS 0x000000070ca00000| PB 0x000000070ca00000| Untracked |  0
|  16|0x000000070cc00000, 0x000000070cc00000, 0x000000070ce00000|  0%| F|  |TAMS 0x000000070cc00000| PB 0x000000070cc00000| Untracked |  0
|  17|0x000000070ce00000, 0x000000070ce00000, 0x000000070d000000|  0%| F|  |TAMS 0x000000070ce00000| PB 0x000000070ce00000| Untracked |  0
|  18|0x000000070d000000, 0x000000070d000000, 0x000000070d200000|  0%| F|  |TAMS 0x000000070d000000| PB 0x000000070d000000| Untracked |  0
|  19|0x000000070d200000, 0x000000070d200000, 0x000000070d400000|  0%| F|  |TAMS 0x000000070d200000| PB 0x000000070d200000| Untracked |  0
|  20|0x000000070d400000, 0x000000070d400000, 0x000000070d600000|  0%| F|  |TAMS 0x000000070d400000| PB 0x000000070d400000| Untracked |  0
|  21|0x000000070d600000, 0x000000070d600000, 0x000000070d800000|  0%| F|  |TAMS 0x000000070d600000| PB 0x000000070d600000| Untracked |  0
|  22|0x000000070d800000, 0x000000070d800000, 0x000000070da00000|  0%| F|  |TAMS 0x000000070d800000| PB 0x000000070d800000| Untracked |  0
|  23|0x000000070da00000, 0x000000070da00000, 0x000000070dc00000|  0%| F|  |TAMS 0x000000070da00000| PB 0x000000070da00000| Untracked |  0
|  24|0x000000070dc00000, 0x000000070dc00000, 0x000000070de00000|  0%| F|  |TAMS 0x000000070dc00000| PB 0x000000070dc00000| Untracked |  0
|  25|0x000000070de00000, 0x000000070de00000, 0x000000070e000000|  0%| F|  |TAMS 0x000000070de00000| PB 0x000000070de00000| Untracked |  0
|  26|0x000000070e000000, 0x000000070e000000, 0x000000070e200000|  0%| F|  |TAMS 0x000000070e000000| PB 0x000000070e000000| Untracked |  0
|  27|0x000000070e200000, 0x000000070e200000, 0x000000070e400000|  0%| F|  |TAMS 0x000000070e200000| PB 0x000000070e200000| Untracked |  0
|  28|0x000000070e400000, 0x000000070e400000, 0x000000070e600000|  0%| F|  |TAMS 0x000000070e400000| PB 0x000000070e400000| Untracked |  0
|  29|0x000000070e600000, 0x000000070e600000, 0x000000070e800000|  0%| F|  |TAMS 0x000000070e600000| PB 0x000000070e600000| Untracked |  0
|  30|0x000000070e800000, 0x000000070e800000, 0x000000070ea00000|  0%| F|  |TAMS 0x000000070e800000| PB 0x000000070e800000| Untracked |  0
|  31|0x000000070ea00000, 0x000000070ea00000, 0x000000070ec00000|  0%| F|  |TAMS 0x000000070ea00000| PB 0x000000070ea00000| Untracked |  0
|  32|0x000000070ec00000, 0x000000070ec00000, 0x000000070ee00000|  0%| F|  |TAMS 0x000000070ec00000| PB 0x000000070ec00000| Untracked |  0
|  33|0x000000070ee00000, 0x000000070ee00000, 0x000000070f000000|  0%| F|  |TAMS 0x000000070ee00000| PB 0x000000070ee00000| Untracked |  0
|  34|0x000000070f000000, 0x000000070f000000, 0x000000070f200000|  0%| F|  |TAMS 0x000000070f000000| PB 0x000000070f000000| Untracked |  0
|  35|0x000000070f200000, 0x000000070f200000, 0x000000070f400000|  0%| F|  |TAMS 0x000000070f200000| PB 0x000000070f200000| Untracked |  0
|  36|0x000000070f400000, 0x000000070f400000, 0x000000070f600000|  0%| F|  |TAMS 0x000000070f400000| PB 0x000000070f400000| Untracked |  0
|  37|0x000000070f600000, 0x000000070f600000, 0x000000070f800000|  0%| F|  |TAMS 0x000000070f600000| PB 0x000000070f600000| Untracked |  0
|  38|0x000000070f800000, 0x000000070f800000, 0x000000070fa00000|  0%| F|  |TAMS 0x000000070f800000| PB 0x000000070f800000| Untracked |  0
|  39|0x000000070fa00000, 0x000000070fa00000, 0x000000070fc00000|  0%| F|  |TAMS 0x000000070fa00000| PB 0x000000070fa00000| Untracked |  0
|  40|0x000000070fc00000, 0x000000070fc00000, 0x000000070fe00000|  0%| F|  |TAMS 0x000000070fc00000| PB 0x000000070fc00000| Untracked |  0
|  41|0x000000070fe00000, 0x000000070fe00000, 0x0000000710000000|  0%| F|  |TAMS 0x000000070fe00000| PB 0x000000070fe00000| Untracked |  0
|  42|0x0000000710000000, 0x0000000710000000, 0x0000000710200000|  0%| F|  |TAMS 0x0000000710000000| PB 0x0000000710000000| Untracked |  0
|  43|0x0000000710200000, 0x0000000710200000, 0x0000000710400000|  0%| F|  |TAMS 0x0000000710200000| PB 0x0000000710200000| Untracked |  0
|  44|0x0000000710400000, 0x0000000710400000, 0x0000000710600000|  0%| F|  |TAMS 0x0000000710400000| PB 0x0000000710400000| Untracked |  0
|  45|0x0000000710600000, 0x0000000710600000, 0x0000000710800000|  0%| F|  |TAMS 0x0000000710600000| PB 0x0000000710600000| Untracked |  0
|  46|0x0000000710800000, 0x0000000710800000, 0x0000000710a00000|  0%| F|  |TAMS 0x0000000710800000| PB 0x0000000710800000| Untracked |  0
|  47|0x0000000710a00000, 0x0000000710a00000, 0x0000000710c00000|  0%| F|  |TAMS 0x0000000710a00000| PB 0x0000000710a00000| Untracked |  0
|  48|0x0000000710c00000, 0x0000000710c00000, 0x0000000710e00000|  0%| F|  |TAMS 0x0000000710c00000| PB 0x0000000710c00000| Untracked |  0
|  49|0x0000000710e00000, 0x0000000710e00000, 0x0000000711000000|  0%| F|  |TAMS 0x0000000710e00000| PB 0x0000000710e00000| Untracked |  0
|  50|0x0000000711000000, 0x0000000711000000, 0x0000000711200000|  0%| F|  |TAMS 0x0000000711000000| PB 0x0000000711000000| Untracked |  0
|  51|0x0000000711200000, 0x0000000711200000, 0x0000000711400000|  0%| F|  |TAMS 0x0000000711200000| PB 0x0000000711200000| Untracked |  0
|  52|0x0000000711400000, 0x0000000711400000, 0x0000000711600000|  0%| F|  |TAMS 0x0000000711400000| PB 0x0000000711400000| Untracked |  0
|  53|0x0000000711600000, 0x0000000711600000, 0x0000000711800000|  0%| F|  |TAMS 0x0000000711600000| PB 0x0000000711600000| Untracked |  0
|  54|0x0000000711800000, 0x0000000711800000, 0x0000000711a00000|  0%| F|  |TAMS 0x0000000711800000| PB 0x0000000711800000| Untracked |  0
|  55|0x0000000711a00000, 0x0000000711a00000, 0x0000000711c00000|  0%| F|  |TAMS 0x0000000711a00000| PB 0x0000000711a00000| Untracked |  0
|  56|0x0000000711c00000, 0x0000000711c00000, 0x0000000711e00000|  0%| F|  |TAMS 0x0000000711c00000| PB 0x0000000711c00000| Untracked |  0
|  57|0x0000000711e00000, 0x0000000711e00000, 0x0000000712000000|  0%| F|  |TAMS 0x0000000711e00000| PB 0x0000000711e00000| Untracked |  0
|  58|0x0000000712000000, 0x0000000712000000, 0x0000000712200000|  0%| F|  |TAMS 0x0000000712000000| PB 0x0000000712000000| Untracked |  0
|  59|0x0000000712200000, 0x0000000712200000, 0x0000000712400000|  0%| F|  |TAMS 0x0000000712200000| PB 0x0000000712200000| Untracked |  0
|  60|0x0000000712400000, 0x0000000712400000, 0x0000000712600000|  0%| F|  |TAMS 0x0000000712400000| PB 0x0000000712400000| Untracked |  0
|  61|0x0000000712600000, 0x0000000712600000, 0x0000000712800000|  0%| F|  |TAMS 0x0000000712600000| PB 0x0000000712600000| Untracked |  0
|  62|0x0000000712800000, 0x0000000712800000, 0x0000000712a00000|  0%| F|  |TAMS 0x0000000712800000| PB 0x0000000712800000| Untracked |  0
|  63|0x0000000712a00000, 0x0000000712a00000, 0x0000000712c00000|  0%| F|  |TAMS 0x0000000712a00000| PB 0x0000000712a00000| Untracked |  0
|  64|0x0000000712c00000, 0x0000000712c00000, 0x0000000712e00000|  0%| F|  |TAMS 0x0000000712c00000| PB 0x0000000712c00000| Untracked |  0
|  65|0x0000000712e00000, 0x0000000712e00000, 0x0000000713000000|  0%| F|  |TAMS 0x0000000712e00000| PB 0x0000000712e00000| Untracked |  0
|  66|0x0000000713000000, 0x0000000713000000, 0x0000000713200000|  0%| F|  |TAMS 0x0000000713000000| PB 0x0000000713000000| Untracked |  0
|  67|0x0000000713200000, 0x0000000713200000, 0x0000000713400000|  0%| F|  |TAMS 0x0000000713200000| PB 0x0000000713200000| Untracked |  0
|  68|0x0000000713400000, 0x0000000713400000, 0x0000000713600000|  0%| F|  |TAMS 0x0000000713400000| PB 0x0000000713400000| Untracked |  0
|  69|0x0000000713600000, 0x0000000713600000, 0x0000000713800000|  0%| F|  |TAMS 0x0000000713600000| PB 0x0000000713600000| Untracked |  0
|  70|0x0000000713800000, 0x0000000713800000, 0x0000000713a00000|  0%| F|  |TAMS 0x0000000713800000| PB 0x0000000713800000| Untracked |  0
|  71|0x0000000713a00000, 0x0000000713a00000, 0x0000000713c00000|  0%| F|  |TAMS 0x0000000713a00000| PB 0x0000000713a00000| Untracked |  0
|  72|0x0000000713c00000, 0x0000000713c00000, 0x0000000713e00000|  0%| F|  |TAMS 0x0000000713c00000| PB 0x0000000713c00000| Untracked |  0
|  73|0x0000000713e00000, 0x0000000713e00000, 0x0000000714000000|  0%| F|  |TAMS 0x0000000713e00000| PB 0x0000000713e00000| Untracked |  0
|  74|0x0000000714000000, 0x0000000714000000, 0x0000000714200000|  0%| F|  |TAMS 0x0000000714000000| PB 0x0000000714000000| Untracked |  0
|  75|0x0000000714200000, 0x0000000714200000, 0x0000000714400000|  0%| F|  |TAMS 0x0000000714200000| PB 0x0000000714200000| Untracked |  0
|  76|0x0000000714400000, 0x0000000714400000, 0x0000000714600000|  0%| F|  |TAMS 0x0000000714400000| PB 0x0000000714400000| Untracked |  0
|  77|0x0000000714600000, 0x0000000714600000, 0x0000000714800000|  0%| F|  |TAMS 0x0000000714600000| PB 0x0000000714600000| Untracked |  0
|  78|0x0000000714800000, 0x0000000714800000, 0x0000000714a00000|  0%| F|  |TAMS 0x0000000714800000| PB 0x0000000714800000| Untracked |  0
|  79|0x0000000714a00000, 0x0000000714a00000, 0x0000000714c00000|  0%| F|  |TAMS 0x0000000714a00000| PB 0x0000000714a00000| Untracked |  0
|  80|0x0000000714c00000, 0x0000000714c00000, 0x0000000714e00000|  0%| F|  |TAMS 0x0000000714c00000| PB 0x0000000714c00000| Untracked |  0
|  81|0x0000000714e00000, 0x0000000714e00000, 0x0000000715000000|  0%| F|  |TAMS 0x0000000714e00000| PB 0x0000000714e00000| Untracked |  0
|  82|0x0000000715000000, 0x0000000715000000, 0x0000000715200000|  0%| F|  |TAMS 0x0000000715000000| PB 0x0000000715000000| Untracked |  0
|  83|0x0000000715200000, 0x0000000715200000, 0x0000000715400000|  0%| F|  |TAMS 0x0000000715200000| PB 0x0000000715200000| Untracked |  0
|  84|0x0000000715400000, 0x0000000715400000, 0x0000000715600000|  0%| F|  |TAMS 0x0000000715400000| PB 0x0000000715400000| Untracked |  0
|  85|0x0000000715600000, 0x0000000715600000, 0x0000000715800000|  0%| F|  |TAMS 0x0000000715600000| PB 0x0000000715600000| Untracked |  0
|  86|0x0000000715800000, 0x0000000715800000, 0x0000000715a00000|  0%| F|  |TAMS 0x0000000715800000| PB 0x0000000715800000| Untracked |  0
|  87|0x0000000715a00000, 0x0000000715a00000, 0x0000000715c00000|  0%| F|  |TAMS 0x0000000715a00000| PB 0x0000000715a00000| Untracked |  0
|  88|0x0000000715c00000, 0x0000000715c00000, 0x0000000715e00000|  0%| F|  |TAMS 0x0000000715c00000| PB 0x0000000715c00000| Untracked |  0
|  89|0x0000000715e00000, 0x0000000715e00000, 0x0000000716000000|  0%| F|  |TAMS 0x0000000715e00000| PB 0x0000000715e00000| Untracked |  0
|  90|0x0000000716000000, 0x0000000716000000, 0x0000000716200000|  0%| F|  |TAMS 0x0000000716000000| PB 0x0000000716000000| Untracked |  0
|  91|0x0000000716200000, 0x0000000716200000, 0x0000000716400000|  0%| F|  |TAMS 0x0000000716200000| PB 0x0000000716200000| Untracked |  0
|  92|0x0000000716400000, 0x0000000716400000, 0x0000000716600000|  0%| F|  |TAMS 0x0000000716400000| PB 0x0000000716400000| Untracked |  0
|  93|0x0000000716600000, 0x0000000716600000, 0x0000000716800000|  0%| F|  |TAMS 0x0000000716600000| PB 0x0000000716600000| Untracked |  0
|  94|0x0000000716800000, 0x0000000716800000, 0x0000000716a00000|  0%| F|  |TAMS 0x0000000716800000| PB 0x0000000716800000| Untracked |  0
|  95|0x0000000716a00000, 0x0000000716a00000, 0x0000000716c00000|  0%| F|  |TAMS 0x0000000716a00000| PB 0x0000000716a00000| Untracked |  0
|  96|0x0000000716c00000, 0x0000000716c00000, 0x0000000716e00000|  0%| F|  |TAMS 0x0000000716c00000| PB 0x0000000716c00000| Untracked |  0
|  97|0x0000000716e00000, 0x0000000716e00000, 0x0000000717000000|  0%| F|  |TAMS 0x0000000716e00000| PB 0x0000000716e00000| Untracked |  0
|  98|0x0000000717000000, 0x0000000717000000, 0x0000000717200000|  0%| F|  |TAMS 0x0000000717000000| PB 0x0000000717000000| Untracked |  0
|  99|0x0000000717200000, 0x0000000717200000, 0x0000000717400000|  0%| F|  |TAMS 0x0000000717200000| PB 0x0000000717200000| Untracked |  0
| 100|0x0000000717400000, 0x0000000717400000, 0x0000000717600000|  0%| F|  |TAMS 0x0000000717400000| PB 0x0000000717400000| Untracked |  0
| 101|0x0000000717600000, 0x0000000717600000, 0x0000000717800000|  0%| F|  |TAMS 0x0000000717600000| PB 0x0000000717600000| Untracked |  0
| 102|0x0000000717800000, 0x0000000717800000, 0x0000000717a00000|  0%| F|  |TAMS 0x0000000717800000| PB 0x0000000717800000| Untracked |  0
| 103|0x0000000717a00000, 0x0000000717a00000, 0x0000000717c00000|  0%| F|  |TAMS 0x0000000717a00000| PB 0x0000000717a00000| Untracked |  0
| 104|0x0000000717c00000, 0x0000000717c00000, 0x0000000717e00000|  0%| F|  |TAMS 0x0000000717c00000| PB 0x0000000717c00000| Untracked |  0
| 105|0x0000000717e00000, 0x0000000717e00000, 0x0000000718000000|  0%| F|  |TAMS 0x0000000717e00000| PB 0x0000000717e00000| Untracked |  0
| 106|0x0000000718000000, 0x0000000718000000, 0x0000000718200000|  0%| F|  |TAMS 0x0000000718000000| PB 0x0000000718000000| Untracked |  0
| 107|0x0000000718200000, 0x0000000718200000, 0x0000000718400000|  0%| F|  |TAMS 0x0000000718200000| PB 0x0000000718200000| Untracked |  0
| 108|0x0000000718400000, 0x0000000718400000, 0x0000000718600000|  0%| F|  |TAMS 0x0000000718400000| PB 0x0000000718400000| Untracked |  0
| 109|0x0000000718600000, 0x0000000718600000, 0x0000000718800000|  0%| F|  |TAMS 0x0000000718600000| PB 0x0000000718600000| Untracked |  0
| 110|0x0000000718800000, 0x0000000718800000, 0x0000000718a00000|  0%| F|  |TAMS 0x0000000718800000| PB 0x0000000718800000| Untracked |  0
| 111|0x0000000718a00000, 0x0000000718a00000, 0x0000000718c00000|  0%| F|  |TAMS 0x0000000718a00000| PB 0x0000000718a00000| Untracked |  0
| 112|0x0000000718c00000, 0x0000000718c00000, 0x0000000718e00000|  0%| F|  |TAMS 0x0000000718c00000| PB 0x0000000718c00000| Untracked |  0
| 113|0x0000000718e00000, 0x0000000718e00000, 0x0000000719000000|  0%| F|  |TAMS 0x0000000718e00000| PB 0x0000000718e00000| Untracked |  0
| 114|0x0000000719000000, 0x0000000719000000, 0x0000000719200000|  0%| F|  |TAMS 0x0000000719000000| PB 0x0000000719000000| Untracked |  0
| 115|0x0000000719200000, 0x0000000719200000, 0x0000000719400000|  0%| F|  |TAMS 0x0000000719200000| PB 0x0000000719200000| Untracked |  0
| 116|0x0000000719400000, 0x0000000719400000, 0x0000000719600000|  0%| F|  |TAMS 0x0000000719400000| PB 0x0000000719400000| Untracked |  0
| 117|0x0000000719600000, 0x00000007197f95c8, 0x0000000719800000| 98%| E|  |TAMS 0x0000000719600000| PB 0x0000000719600000| Complete |  0
| 118|0x0000000719800000, 0x0000000719a00000, 0x0000000719a00000|100%| E|CS|TAMS 0x0000000719800000| PB 0x0000000719800000| Complete |  0
| 119|0x0000000719a00000, 0x0000000719c00000, 0x0000000719c00000|100%| E|CS|TAMS 0x0000000719a00000| PB 0x0000000719a00000| Complete |  0
| 120|0x0000000719c00000, 0x0000000719e00000, 0x0000000719e00000|100%| E|CS|TAMS 0x0000000719c00000| PB 0x0000000719c00000| Complete |  0
| 121|0x0000000719e00000, 0x000000071a000000, 0x000000071a000000|100%| E|CS|TAMS 0x0000000719e00000| PB 0x0000000719e00000| Complete |  0
| 122|0x000000071a000000, 0x000000071a200000, 0x000000071a200000|100%| E|CS|TAMS 0x000000071a000000| PB 0x000000071a000000| Complete |  0
|1961|0x00000007ffe00000, 0x00000007fff1d248, 0x0000000800000000| 55%| O|  |TAMS 0x00000007ffe00000| PB 0x00000007ffe00000| Untracked |  0

Card table byte_map: [0x000001773ce30000,0x000001773d5e0000] _byte_map_base: 0x00000177395da000

Marking Bits: (CMBitMap*) 0x00000177248e3000
 Bits: [0x000001773d5e0000, 0x0000017741330000)

Polling page: 0x0000017724050000

Metaspace:

Usage:
  Non-class:      1.39 MB used.
      Class:    114.84 KB used.
       Both:      1.50 MB used.

Virtual space:
  Non-class space:       64.00 MB reserved,       1.44 MB (  2%) committed,  1 nodes.
      Class space:        1.00 GB reserved,     192.00 KB ( <1%) committed,  1 nodes.
             Both:        1.06 GB reserved,       1.62 MB ( <1%) committed. 

Chunk freelists:
   Non-Class:  11.89 MB
       Class:  15.73 MB
        Both:  27.62 MB

MaxMetaspaceSize: unlimited
CompressedClassSpaceSize: 1.00 GB
Initial GC threshold: 21.00 MB
Current GC threshold: 21.00 MB
CDS: on
 - commit_granule_bytes: 65536.
 - commit_granule_words: 8192.
 - virtual_space_node_default_size: 8388608.
 - enlarge_chunks_in_place: 1.
UseCompressedClassPointers 1, UseCompactObjectHeaders 0
Narrow klass pointer bits 32, Max shift 3
Narrow klass base: 0x0000017744000000, Narrow klass shift: 0
Encoding Range: [0x0000017744000000 - 0x0000017844000000), (4294967296 bytes)
Klass Range:    [0x0000017744000000 - 0x0000017785000000), (1090519040 bytes)
Klass ID Range:  [8 - 1090519033) (1090519025)


Internal statistics:

num_allocs_failed_limit: 0.
num_arena_births: 26.
num_arena_deaths: 0.
num_vsnodes_births: 2.
num_vsnodes_deaths: 0.
num_space_committed: 26.
num_space_uncommitted: 0.
num_chunks_returned_to_freelist: 0.
num_chunks_taken_from_freelist: 37.
num_chunk_merges: 0.
num_chunk_splits: 23.
num_chunks_enlarged: 13.
num_inconsistent_stats: 0.

CodeHeap 'non-profiled nmethods': size=120064Kb used=166Kb max_used=166Kb free=119897Kb
 bounds [0x0000017734be0000, 0x0000017734e50000, 0x000001773c120000]
CodeHeap 'profiled nmethods': size=120000Kb used=784Kb max_used=784Kb free=119215Kb
 bounds [0x000001772d120000, 0x000001772d390000, 0x0000017734650000]
CodeHeap 'non-nmethods': size=5696Kb used=1261Kb max_used=1267Kb free=4434Kb
 bounds [0x0000017734650000, 0x00000177348c0000, 0x0000017734be0000]
CodeCache: size=245760Kb, used=2211Kb, max_used=2217Kb, free=243546Kb
 total_blobs=1028, nmethods=616, adapters=315, full_count=0
Compilation: enabled, stopped_count=0, restarted_count=0

Compilation events (20 events):
Event: 1.189 Thread 0x0000017743febe90  362       3       java.util.zip.InflaterInputStream::ensureOpen (18 bytes)
Event: 1.189 Thread 0x0000017743febe90 nmethod 362 0x000001772d17e788 code [0x000001772d17e8c0, 0x000001772d17ea88]
Event: 1.189 Thread 0x0000017743febe90  363       3       jdk.internal.misc.Unsafe::getShortUnaligned (12 bytes)
Event: 1.189 Thread 0x0000017743febe90 nmethod 363 0x000001772d17eb08 code [0x000001772d17ec20, 0x000001772d17ee50]
Event: 1.189 Thread 0x0000017743febe90  364       3       java.io.DataInputStream::readFully (59 bytes)
Event: 1.189 Thread 0x0000017743fe5dc0  367       4       java.lang.String::checkIndex (10 bytes)
Event: 2.188 Thread 0x0000017743febe90 nmethod 364 0x000001772d17ee88 code [0x000001772d17f000, 0x000001772d17f500]
Event: 2.188 Thread 0x0000017743febe90  365       3       jdk.internal.misc.Unsafe::convEndian (16 bytes)
Event: 2.188 Thread 0x0000017743fe5dc0 nmethod 367 0x0000017734bf6588 code [0x0000017734bf6680, 0x0000017734bf6720]
Event: 2.188 Thread 0x0000017743fe5dc0  368       4       java.lang.String::isEmpty (14 bytes)
Event: 2.188 Thread 0x0000017743febe90 nmethod 365 0x000001772d17f588 code [0x000001772d17f6a0, 0x000001772d17f848]
Event: 2.188 Thread 0x0000017743febe90  366       3       java.lang.String::codePointAt (50 bytes)
Event: 2.189 Thread 0x0000017743febe90 nmethod 366 0x000001772d17f888 code [0x000001772d17f9e0, 0x000001772d17feb0]
Event: 2.189 Thread 0x0000017743fe5dc0 nmethod 368 0x0000017734bf6888 code [0x0000017734bf6980, 0x0000017734bf6a20]
Event: 2.189 Thread 0x0000017743febe90  369       3       java.lang.invoke.MemberName::isConstructor (8 bytes)
Event: 2.189 Thread 0x0000017743febe90 nmethod 369 0x000001772d17ff08 code [0x000001772d180020, 0x000001772d1801e0]
Event: 2.189 Thread 0x0000017743febe90  370       1       jdk.internal.classfile.impl.AbstractPoolEntry::hashCode (5 bytes)
Event: 2.189 Thread 0x0000017743febe90 nmethod 370 0x0000017734bf6b88 code [0x0000017734bf6c80, 0x0000017734bf6d48]
Event: 2.189 Thread 0x0000017743febe90  371       1       jdk.internal.classfile.impl.AbstractPoolEntry$ClassEntryImpl::tag (3 bytes)
Event: 2.189 Thread 0x0000017743febe90 nmethod 371 0x0000017734bf6e88 code [0x0000017734bf6f80, 0x0000017734bf7048]

GC Heap History (0 events):
No events

Dll operation events (5 events):
Event: 0.010 Loaded shared library C:\Program Files\Java\jdk-24\bin\java.dll
Event: 0.034 Loaded shared library C:\Program Files\Java\jdk-24\bin\jsvml.dll
Event: 0.054 Loaded shared library C:\Program Files\Java\jdk-24\bin\net.dll
Event: 0.056 Loaded shared library C:\Program Files\Java\jdk-24\bin\nio.dll
Event: 1.160 Loaded shared library C:\Program Files\Java\jdk-24\bin\zip.dll

Deoptimization events (8 events):
Event: 1.188 Thread 0x00000177225159f0 Uncommon trap: trap_request=0xffffff4d fr.pc=0x0000017734bf2074 relative=0x0000000000000074
Event: 1.188 Thread 0x00000177225159f0 Uncommon trap: reason=unstable_if action=reinterpret pc=0x0000017734bf2074 method=jdk.internal.misc.Unsafe.convEndian(ZI)I @ 4 c2
Event: 1.188 Thread 0x00000177225159f0 DEOPT PACKING pc=0x0000017734bf2074 sp=0x0000003ca98fdb20
Event: 1.188 Thread 0x00000177225159f0 DEOPT UNPACKING pc=0x0000017734764102 sp=0x0000003ca98fda50 mode 2
Event: 1.188 Thread 0x00000177225159f0 Uncommon trap: trap_request=0xffffff4d fr.pc=0x0000017734bee378 relative=0x0000000000000078
Event: 1.188 Thread 0x00000177225159f0 Uncommon trap: reason=unstable_if action=reinterpret pc=0x0000017734bee378 method=jdk.internal.misc.Unsafe.convEndian(ZS)S @ 4 c2
Event: 1.188 Thread 0x00000177225159f0 DEOPT PACKING pc=0x0000017734bee378 sp=0x0000003ca98fdb20
Event: 1.188 Thread 0x00000177225159f0 DEOPT UNPACKING pc=0x0000017734764102 sp=0x0000003ca98fda50 mode 2

Classes loaded (20 events):
Event: 1.140 Loading class java/nio/file/FileTreeWalker$EventType
Event: 1.140 Loading class java/nio/file/FileTreeWalker$EventType done
Event: 1.145 Loading class sun/nio/fs/WindowsPath$WindowsPathWithAttributes
Event: 1.145 Loading class sun/nio/fs/BasicFileAttributesHolder
Event: 1.145 Loading class sun/nio/fs/BasicFileAttributesHolder done
Event: 1.145 Loading class sun/nio/fs/WindowsPath$WindowsPathWithAttributes done
Event: 1.146 Loading class java/util/stream/Streams
Event: 1.146 Loading class java/util/stream/Streams done
Event: 1.181 Loading class sun/security/util/ManifestEntryVerifier
Event: 1.181 Loading class sun/security/util/ManifestEntryVerifier done
Event: 1.181 Loading class java/io/BufferedReader
Event: 1.181 Loading class java/io/Reader
Event: 1.181 Loading class java/io/Reader done
Event: 1.181 Loading class java/io/BufferedReader done
Event: 1.182 Loading class java/io/InputStreamReader
Event: 1.182 Loading class java/io/InputStreamReader done
Event: 1.182 Loading class sun/nio/cs/StreamDecoder
Event: 1.182 Loading class sun/nio/cs/StreamDecoder done
Event: 1.182 Loading class sun/nio/cs/UTF_8$Decoder
Event: 1.182 Loading class sun/nio/cs/UTF_8$Decoder done

Classes unloaded (0 events):
No events

Classes redefined (0 events):
No events

Internal exceptions (3 events):
Event: 1.140 Thread 0x00000177225159f0 Exception <a 'java/lang/NoSuchMethodError'{0x000000071a0a2a40}: 'void java.lang.invoke.DirectMethodHandle$Holder.invokeVirtual(java.lang.Object, java.lang.Object)'> (0x000000071a0a2a40) 
thrown [s\open\src\hotspot\share\interpreter\linkResolver.cpp, line 805]
Event: 1.143 Thread 0x00000177225159f0 Exception <a 'java/lang/NoSuchMethodError'{0x000000071a0c1860}: 'java.lang.Object java.lang.invoke.DirectMethodHandle$Holder.invokeInterface(java.lang.Object, java.lang.Object, java.lang.Object)'> (0x000000071a0c1860) 
thrown [s\open\src\hotspot\share\interpreter\linkResolver.cpp, line 805]
Event: 1.184 Thread 0x00000177225159f0 Exception <a 'java/lang/NoSuchMethodError'{0x0000000719c7a9d8}: 'void java.lang.invoke.DirectMethodHandle$Holder.invokeSpecial(java.lang.Object, java.lang.Object, java.lang.Object)'> (0x0000000719c7a9d8) 
thrown [s\open\src\hotspot\share\interpreter\linkResolver.cpp, line 805]

VM Operations (2 events):
Event: 1.161 Executing VM operation: HandshakeAllThreads (Deoptimize)
Event: 1.161 Executing VM operation: HandshakeAllThreads (Deoptimize) done

Memory protections (0 events):
No events

Nmethod flushes (0 events):
No events

Events (11 events):
Event: 0.021 Thread 0x00000177225159f0 Thread added: 0x00000177225159f0
Event: 0.031 Thread 0x00000177225159f0 Thread added: 0x0000017743fbadf0
Event: 0.032 Thread 0x00000177225159f0 Thread added: 0x0000017743fbb530
Event: 0.032 Thread 0x00000177225159f0 Thread added: 0x0000017743fc2ec0
Event: 0.032 Thread 0x00000177225159f0 Thread added: 0x0000017743fbf3c0
Event: 0.032 Thread 0x00000177225159f0 Thread added: 0x0000017743fc0300
Event: 0.032 Thread 0x00000177225159f0 Thread added: 0x0000017743fc4200
Event: 0.032 Thread 0x00000177225159f0 Thread added: 0x0000017743fe5dc0
Event: 0.032 Thread 0x00000177225159f0 Thread added: 0x0000017743febe90
Event: 0.052 Thread 0x00000177225159f0 Thread added: 0x00000177890a61d0
Event: 1.179 Thread 0x0000017743febe90 Thread added: 0x0000017743fea7e0


Dynamic libraries:
0x00007ff6e5b80000 - 0x00007ff6e5b90000 	C:\Program Files\Java\jdk-24\bin\javaw.exe
0x00007ffb6e0a0000 - 0x00007ffb6e307000 	C:\WINDOWS\SYSTEM32\ntdll.dll
0x00007ffb6c4c0000 - 0x00007ffb6c589000 	C:\WINDOWS\System32\KERNEL32.DLL
0x00007ffb6b1f0000 - 0x00007ffb6b5df000 	C:\WINDOWS\System32\KERNELBASE.dll
0x00007ffb6b970000 - 0x00007ffb6babb000 	C:\WINDOWS\System32\ucrtbase.dll
0x00007ffb4a510000 - 0x00007ffb4a52b000 	C:\Program Files\Java\jdk-24\bin\VCRUNTIME140.dll
0x00007ffb4ac00000 - 0x00007ffb4ac16000 	C:\Program Files\Java\jdk-24\bin\jli.dll
0x00007ffb6d590000 - 0x00007ffb6d755000 	C:\WINDOWS\System32\USER32.dll
0x00007ffb4df40000 - 0x00007ffb4e1d3000 	C:\WINDOWS\WinSxS\amd64_microsoft.windows.common-controls_6595b64144ccf1df_6.0.26100.7309_none_3e05feeae336a044\COMCTL32.dll
0x00007ffb6b760000 - 0x00007ffb6b787000 	C:\WINDOWS\System32\win32u.dll
0x00007ffb6d140000 - 0x00007ffb6d1e9000 	C:\WINDOWS\System32\msvcrt.dll
0x00007ffb6cfb0000 - 0x00007ffb6cfdb000 	C:\WINDOWS\System32\GDI32.dll
0x00007ffb6b840000 - 0x00007ffb6b96c000 	C:\WINDOWS\System32\gdi32full.dll
0x00007ffb6b790000 - 0x00007ffb6b833000 	C:\WINDOWS\System32\msvcp_win.dll
0x00007ffb6bf40000 - 0x00007ffb6bf71000 	C:\WINDOWS\System32\IMM32.DLL
0x00007ffb64210000 - 0x00007ffb6421c000 	C:\Program Files\Java\jdk-24\bin\vcruntime140_1.dll
0x00007ffb1cd70000 - 0x00007ffb1cdfe000 	C:\Program Files\Java\jdk-24\bin\msvcp140.dll
0x00007ffad51f0000 - 0x00007ffad5f91000 	C:\Program Files\Java\jdk-24\bin\server\jvm.dll
0x00007ffb6d3c0000 - 0x00007ffb6d474000 	C:\WINDOWS\System32\ADVAPI32.dll
0x00007ffb6da00000 - 0x00007ffb6daa6000 	C:\WINDOWS\System32\sechost.dll
0x00007ffb6dac0000 - 0x00007ffb6dbd8000 	C:\WINDOWS\System32\RPCRT4.dll
0x00007ffb6d0c0000 - 0x00007ffb6d134000 	C:\WINDOWS\System32\WS2_32.dll
0x00007ffb6b050000 - 0x00007ffb6b0ae000 	C:\WINDOWS\SYSTEM32\POWRPROF.dll
0x00007ffb5e190000 - 0x00007ffb5e1c5000 	C:\WINDOWS\SYSTEM32\WINMM.dll
0x00007ffb638e0000 - 0x00007ffb638eb000 	C:\WINDOWS\SYSTEM32\VERSION.dll
0x00007ffb6b030000 - 0x00007ffb6b044000 	C:\WINDOWS\SYSTEM32\UMPDC.dll
0x00007ffb69fa0000 - 0x00007ffb69fbb000 	C:\WINDOWS\SYSTEM32\kernel.appcore.dll
0x00007ffb64120000 - 0x00007ffb6412a000 	C:\Program Files\Java\jdk-24\bin\jimage.dll
0x00007ffb62a10000 - 0x00007ffb62c52000 	C:\WINDOWS\SYSTEM32\DBGHELP.DLL
0x00007ffb6dc40000 - 0x00007ffb6dfc5000 	C:\WINDOWS\System32\combase.dll
0x00007ffb6cfe0000 - 0x00007ffb6d0b6000 	C:\WINDOWS\System32\OLEAUT32.dll
0x00007ffb48390000 - 0x00007ffb483cc000 	C:\WINDOWS\SYSTEM32\dbgcore.DLL
0x00007ffb6bac0000 - 0x00007ffb6bb65000 	C:\WINDOWS\System32\bcryptPrimitives.dll
0x00007ffb45090000 - 0x00007ffb450ae000 	C:\Program Files\Java\jdk-24\bin\java.dll
0x00007ffb6d220000 - 0x00007ffb6d3b7000 	C:\WINDOWS\System32\ole32.dll
0x00007ffb6c590000 - 0x00007ffb6cce3000 	C:\WINDOWS\System32\SHELL32.dll
0x00007ffb6b5f0000 - 0x00007ffb6b75a000 	C:\WINDOWS\System32\wintypes.dll
0x00007ffb68e10000 - 0x00007ffb6966e000 	C:\WINDOWS\SYSTEM32\windows.storage.dll
0x00007ffb6d480000 - 0x00007ffb6d575000 	C:\WINDOWS\System32\SHCORE.dll
0x00007ffb6d990000 - 0x00007ffb6d9f6000 	C:\WINDOWS\System32\shlwapi.dll
0x00007ffb6b110000 - 0x00007ffb6b139000 	C:\WINDOWS\SYSTEM32\profapi.dll
0x00007ffb19080000 - 0x00007ffb19157000 	C:\Program Files\Java\jdk-24\bin\jsvml.dll
0x00007ffb5a340000 - 0x00007ffb5a350000 	C:\Program Files\Java\jdk-24\bin\net.dll
0x00007ffb6a510000 - 0x00007ffb6a57b000 	C:\WINDOWS\system32\mswsock.dll
0x00007ffb444e0000 - 0x00007ffb444f6000 	C:\Program Files\Java\jdk-24\bin\nio.dll
0x00007ffb40ab0000 - 0x00007ffb40ac7000 	C:\Program Files\Java\jdk-24\bin\zip.dll

JVMTI agents: none

dbghelp: loaded successfully - version: 4.0.5 - missing functions: none
symbol engine: initialized successfully - sym options: 0x614 - pdb path: .;C:\Program Files\Java\jdk-24\bin;C:\WINDOWS\SYSTEM32;C:\WINDOWS\WinSxS\amd64_microsoft.windows.common-controls_6595b64144ccf1df_6.0.26100.7309_none_3e05feeae336a044;C:\Program Files\Java\jdk-24\bin\server

VM Arguments:
jvm_args: --module-path=D:\KULIAH PENTING\CODING\javaSDK\javafx-sdk-25.0.1\lib --add-modules=javafx.controls,javafx.fxml -Dfile.encoding=UTF-8 -Dstdout.encoding=UTF-8 -Dstderr.encoding=UTF-8 --module-path=D:\KULIAH PENTING\CODING\JAVA\SIVERA\bin;D:\KULIAH PENTING\CODING\javaSDK\mysql-connector-j-9.5.0\mysql-connector-j-9.5.0\mysql-connector-j-9.5.0.jar;D:\KULIAH PENTING\CODING\javaSDK\javafx-sdk-25.0.1\lib\javafx.base.jar;D:\KULIAH PENTING\CODING\javaSDK\javafx-sdk-25.0.1\lib\javafx.controls.jar;D:\KULIAH PENTING\CODING\javaSDK\javafx-sdk-25.0.1\lib\javafx.fxml.jar;D:\KULIAH PENTING\CODING\javaSDK\javafx-sdk-25.0.1\lib\javafx.graphics.jar;D:\KULIAH PENTING\CODING\javaSDK\javafx-sdk-25.0.1\lib\javafx.media.jar;D:\KULIAH PENTING\CODING\javaSDK\javafx-sdk-25.0.1\lib\javafx.swing.jar;D:\KULIAH PENTING\CODING\javaSDK\javafx-sdk-25.0.1\lib\javafx.web.jar;D:\KULIAH PENTING\CODING\javaSDK\javafx-sdk-25.0.1\lib\javafx-swt.jar;D:\KULIAH PENTING\CODING\javaSDK\javafx-sdk-25.0.1\lib\jdk.jsobject.jar;D:\KULIAH PENTING\CODING\javaSDK\javafx-sdk-25.0.1\lib\jfx.incubator.input.jar;D:\KULIAH PENTING\CODING\javaSDK\javafx-sdk-25.0.1\lib\jfx.incubator.richtext.jar -XX:+ShowCodeDetailsInExceptionMessages -Djdk.module.main=SIVERA 
java_command: SIVERA/application.Main
java_class_path (initial): <not set>
Launcher Type: SUN_STANDARD

[Global flags]
     intx CICompilerCount                          = 4                                         {product} {ergonomic}
     uint ConcGCThreads                            = 3                                         {product} {ergonomic}
     uint G1ConcRefinementThreads                  = 10                                        {product} {ergonomic}
   size_t G1HeapRegionSize                         = 2097152                                   {product} {ergonomic}
   size_t InitialHeapSize                          = 257949696                                 {product} {ergonomic}
   size_t MarkStackSize                            = 4194304                                   {product} {ergonomic}
   size_t MarkStackSizeMax                         = 536870912                                 {product} {ergonomic}
   size_t MaxHeapSize                              = 4114612224                                {product} {ergonomic}
   size_t MaxNewSize                               = 2468347904                                {product} {ergonomic}
   size_t MinHeapDeltaBytes                        = 2097152                                   {product} {ergonomic}
   size_t MinHeapSize                              = 8388608                                   {product} {ergonomic}
    uintx NonNMethodCodeHeapSize                   = 5832704                                {pd product} {ergonomic}
    uintx NonProfiledCodeHeapSize                  = 122945536                              {pd product} {ergonomic}
    uintx ProfiledCodeHeapSize                     = 122880000                              {pd product} {ergonomic}
    uintx ReservedCodeCacheSize                    = 251658240                              {pd product} {ergonomic}
     bool SegmentedCodeCache                       = true                                      {product} {ergonomic}
     bool ShowCodeDetailsInExceptionMessages       = true                                   {manageable} {command line}
   size_t SoftMaxHeapSize                          = 4114612224                             {manageable} {ergonomic}
     bool UseCompressedOops                        = true                           {product lp64_product} {ergonomic}
     bool UseG1GC                                  = true                                      {product} {ergonomic}
     bool UseLargePagesIndividualAllocation        = false                                  {pd product} {ergonomic}

Logging:
Log output configuration:
 #0: stdout all=warning uptime,level,tags foldmultilines=false
 #1: stderr all=off uptime,level,tags foldmultilines=false

Environment Variables:
PATH=C:/Users/ASUS TUF/.p2/pool/plugins/org.eclipse.justj.openjdk.hotspot.jre.full.win32.x86_64_21.0.8.v20250724-1412/jre/bin/server;C:/Users/ASUS TUF/.p2/pool/plugins/org.eclipse.justj.openjdk.hotspot.jre.full.win32.x86_64_21.0.8.v20250724-1412/jre/bin;C:\Program Files\Common Files\Oracle\Java\javapath;C:\Program Files (x86)\Common Files\Oracle\Java\java8path;C:\Program Files (x86)\Common Files\Oracle\Java\javapath;C:\ProgramData\Oracle\Java\javapath;C:\WINDOWS\system32;C:\WINDOWS;C:\WINDOWS\System32\Wbem;C:\WINDOWS\System32\WindowsPowerShell\v1.0\;C:\WINDOWS\System32\OpenSSH\;C:\Program Files (x86)\NVIDIA Corporation\PhysX\Common;C:\Program Files\NVIDIA Corporation\NVIDIA NvDLISR;C:\Program Files\dotnet\;C:\Program Files\Git\cmd;C:\Users\ASUS TUF\AppData\Local\Programs\Python\Python313;C:\Users\ASUS TUF\AppData\Local\Programs\Python\Python313\Scripts;C:\mingw64\bin;C:\Program Files\nodejs\;C:\ProgramData\chocolatey\bin;C:\Program Files\Java\jdk-25\bin;C:\Program Files\PuTTY\;C:\Users\ASUS TUF\AppData\Local\Programs\Python\Launcher\;C:\Users\ASUS TUF\AppData\Local\Microsoft\WindowsApps;C:\Users\ASUS TUF\AppData\Local\Programs\Microsoft VS Code\bin;C:\MinGW\bin;C:\Users\ASUS TUF\AppData\Roaming\npm;D:\KULIAH PENTING\IntelliJ IDEA 2025.2\bin;C:\Program Files\Java\jdk-24\bin;C:\Users\ASUS TUF\AppData\Local\Programs\Python\Python313;C:\Users\ASUS TUF\AppData\Local\Programs\Python\Python313\Scripts;;C:\Users\ASUS TUF\OneDrive\Desktop;
USERNAME=ASUS TUF
OS=Windows_NT
PROCESSOR_IDENTIFIER=AMD64 Family 25 Model 68 Stepping 1, AuthenticAMD
TMP=C:\Users\ASUSTU~1\AppData\Local\Temp
TEMP=C:\Users\ASUSTU~1\AppData\Local\Temp




Periodic native trim disabled

---------------  S Y S T E M  ---------------

OS:
 Windows 11 , 64 bit Build 26100 (10.0.26100.7309)
OS uptime: 7 days 7:09 hours

CPU: total 12 (initial active 12) (12 cores per cpu, 2 threads per core) family 25 model 68 stepping 1 microcode 0xa404107, cx8, cmov, fxsr, ht, mmx, 3dnowpref, sse, sse2, sse3, ssse3, sse4a, sse4.1, sse4.2, popcnt, lzcnt, tsc, tscinvbit, avx, avx2, aes, erms, clmul, bmi1, bmi2, adx, sha, fma, vzeroupper, clflush, clflushopt, rdtscp, rdpid, fsrm, f16c, pku, cet_ss
Processor Information for the first 12 processors :
  Max Mhz: 3301, Current Mhz: 3301, Mhz Limit: 3301

Memory: 4k page, system-wide physical 15690M (704M free)
TotalPageFile size 47272M (AvailPageFile size 19M)
current process WorkingSet (physical memory assigned to process): 64M, peak: 64M
current process commit charge ("private bytes"): 349M, peak: 351M

vm_info: Java HotSpot(TM) 64-Bit Server VM (24.0.2+12-54) for windows-amd64 JRE (24.0.2+12-54), built on 2025-07-08T12:10:27Z with MS VC++ 17.6 (VS2022)

END.
