#
# There is insufficient memory for the Java Runtime Environment to continue.
# Native memory allocation (malloc) failed to allocate 1470992 bytes. Error detail: Chunk::new
# Possible reasons:
#   The system is out of physical RAM or swap space
#   This process is running with CompressedOops enabled, and the Java Heap may be blocking the growth of the native heap
# Possible solutions:
#   Reduce memory load on the system
#   Increase physical memory or swap space
#   Check if swap backing store is full
#   Decrease Java heap size (-Xmx/-Xms)
#   Decrease number of Java threads
#   Decrease Java thread stack sizes (-Xss)
#   Set larger code cache with -XX:ReservedCodeCacheSize=
#   JVM is running with Unscaled Compressed Oops mode in which the Java heap is
#     placed in the first 4GB address space. The Java Heap base address is the
#     maximum limit for the native heap growth. Please use -XX:HeapBaseMinAddress
#     to set the Java Heap base and to place the Java Heap above 4GB virtual address.
# This output file may be truncated or incomplete.
#
#  Out of Memory Error (arena.cpp:162), pid=20260, tid=253308
#
# JRE version: Java(TM) SE Runtime Environment (24.0.2+12) (build 24.0.2+12-54)
# Java VM: Java HotSpot(TM) 64-Bit Server VM (24.0.2+12-54, mixed mode, sharing, tiered, compressed oops, compressed class ptrs, g1 gc, windows-amd64)
# No core dump will be written. Minidumps are not enabled by default on client versions of Windows
#

---------------  S U M M A R Y ------------

Command Line: -Xms256m -Xmx1024m -XX:MaxMetaspaceSize=256m --module-path=D:\KULIAH PENTING\CODING\javaSDK\javafx-sdk-25.0.1\lib --add-modules=javafx.controls,javafx.fxml -Xms256m -Xmx1024m -XX:MaxMetaspaceSize=256m --module-path=D:\KULIAH PENTING\CODING\javaSDK\javafx-sdk-25.0.1\lib --add-modules=javafx.controls,javafx.fxml -Dfile.encoding=UTF-8 -Dstdout.encoding=UTF-8 -Dstderr.encoding=UTF-8 --module-path=D:\KULIAH PENTING\CODING\JAVA\SIVERA\bin;D:\KULIAH PENTING\CODING\javaSDK\mysql-connector-j-9.5.0\mysql-connector-j-9.5.0\mysql-connector-j-9.5.0.jar;D:\KULIAH PENTING\CODING\javaSDK\javafx-sdk-25.0.1\lib\javafx.base.jar;D:\KULIAH PENTING\CODING\javaSDK\javafx-sdk-25.0.1\lib\javafx.controls.jar;D:\KULIAH PENTING\CODING\javaSDK\javafx-sdk-25.0.1\lib\javafx.fxml.jar;D:\KULIAH PENTING\CODING\javaSDK\javafx-sdk-25.0.1\lib\javafx.graphics.jar;D:\KULIAH PENTING\CODING\javaSDK\javafx-sdk-25.0.1\lib\javafx.media.jar;D:\KULIAH PENTING\CODING\javaSDK\javafx-sdk-25.0.1\lib\javafx.swing.jar;D:\KULIAH PENTING\CODING\javaSDK\javafx-sdk-25.0.1\lib\javafx.web.jar;D:\KULIAH PENTING\CODING\javaSDK\javafx-sdk-25.0.1\lib\javafx-swt.jar;D:\KULIAH PENTING\CODING\javaSDK\javafx-sdk-25.0.1\lib\jdk.jsobject.jar;D:\KULIAH PENTING\CODING\javaSDK\javafx-sdk-25.0.1\lib\jfx.incubator.input.jar;D:\KULIAH PENTING\CODING\javaSDK\javafx-sdk-25.0.1\lib\jfx.incubator.richtext.jar -XX:+ShowCodeDetailsInExceptionMessages -Djdk.module.main=SIVERA SIVERA/application.Main

Host: AMD Ryzen 5 7535HS with Radeon Graphics        , 12 cores, 15G,  Windows 11 , 64 bit Build 26100 (10.0.26100.7309)
Time: Sun Dec 21 22:40:15 2025 Malay Peninsula Standard Time elapsed time: 3.765487 seconds (0d 0h 0m 3s)

---------------  T H R E A D  ---------------

Current thread (0x000001d9a102fab0):  JavaThread "C2 CompilerThread0" daemon [_thread_in_native, id=253308, stack(0x00000062a9c00000,0x00000062a9d00000) (1024K)]


Current CompileTask:
C2:3765  889       4       java.util.HashMap::putVal (300 bytes)

Stack: [0x00000062a9c00000,0x00000062a9d00000]
Native frames: (J=compiled Java code, j=interpreted, Vv=VM code, C=native code)
V  [jvm.dll+0x730829]  (no source info available)
V  [jvm.dll+0x8d9da3]  (no source info available)
V  [jvm.dll+0x8dc28d]  (no source info available)
V  [jvm.dll+0x8dc903]  (no source info available)
V  [jvm.dll+0x2a9f56]  (no source info available)
V  [jvm.dll+0xced7f]  (no source info available)
V  [jvm.dll+0xcefdf]  (no source info available)
V  [jvm.dll+0x154c83]  (no source info available)
V  [jvm.dll+0x73604f]  (no source info available)
V  [jvm.dll+0x26f8dc]  (no source info available)
V  [jvm.dll+0x26e8ff]  (no source info available)
V  [jvm.dll+0x1e9c90]  (no source info available)
V  [jvm.dll+0x27e0cb]  (no source info available)
V  [jvm.dll+0x27c36a]  (no source info available)
V  [jvm.dll+0x42f396]  (no source info available)
V  [jvm.dll+0x87d9eb]  (no source info available)
V  [jvm.dll+0x72ef45]  (no source info available)
C  [ucrtbase.dll+0x37b0]  (no source info available)
C  [KERNEL32.DLL+0x2e8d7]  (no source info available)
C  [ntdll.dll+0x8c53c]  (no source info available)

Lock stack of current Java thread (top to bottom):


---------------  P R O C E S S  ---------------

Threads class SMR info:
_java_thread_list=0x000001d9a275e1a0, length=17, elements={
0x000001d9ef3962a0, 0x000001d9a10082d0, 0x000001d9a1008a10, 0x000001d9a10100d0,
0x000001d9a1010810, 0x000001d9a101e010, 0x000001d9a102a340, 0x000001d9a102fab0,
0x000001d9a1030240, 0x000001d9a10e9be0, 0x000001d9a10ea330, 0x000001d9a10e85f0,
0x000001d9a10e9490, 0x000001d9a10eaa80, 0x000001d9a10e7750, 0x000001d9a10e7ea0,
0x000001d9a27ad370
}

Java Threads: ( => current thread )
  0x000001d9ef3962a0 JavaThread "main"                              [_thread_blocked, id=302844, stack(0x00000062a8e00000,0x00000062a8f00000) (1024K)]
  0x000001d9a10082d0 JavaThread "Reference Handler"          daemon [_thread_blocked, id=302308, stack(0x00000062a9600000,0x00000062a9700000) (1024K)]
  0x000001d9a1008a10 JavaThread "Finalizer"                  daemon [_thread_blocked, id=301720, stack(0x00000062a9700000,0x00000062a9800000) (1024K)]
  0x000001d9a10100d0 JavaThread "Signal Dispatcher"          daemon [_thread_blocked, id=297576, stack(0x00000062a9800000,0x00000062a9900000) (1024K)]
  0x000001d9a1010810 JavaThread "Attach Listener"            daemon [_thread_blocked, id=292408, stack(0x00000062a9900000,0x00000062a9a00000) (1024K)]
  0x000001d9a101e010 JavaThread "Service Thread"             daemon [_thread_blocked, id=258620, stack(0x00000062a9a00000,0x00000062a9b00000) (1024K)]
  0x000001d9a102a340 JavaThread "Monitor Deflation Thread"   daemon [_thread_blocked, id=25772, stack(0x00000062a9b00000,0x00000062a9c00000) (1024K)]
=>0x000001d9a102fab0 JavaThread "C2 CompilerThread0"         daemon [_thread_in_native, id=253308, stack(0x00000062a9c00000,0x00000062a9d00000) (1024K)]
  0x000001d9a1030240 JavaThread "C1 CompilerThread0"         daemon [_thread_blocked, id=300392, stack(0x00000062a9d00000,0x00000062a9e00000) (1024K)]
  0x000001d9a10e9be0 JavaThread "Common-Cleaner"             daemon [_thread_blocked, id=301804, stack(0x00000062a9e00000,0x00000062a9f00000) (1024K)]
  0x000001d9a10ea330 JavaThread "Notification Thread"        daemon [_thread_blocked, id=46336, stack(0x00000062aa100000,0x00000062aa200000) (1024K)]
  0x000001d9a10e85f0 JavaThread "QuantumRenderer-0"          daemon [_thread_blocked, id=268764, stack(0x00000062a9f00000,0x00000062aa000000) (1024K)]
  0x000001d9a10e9490 JavaThread "InvokeLaterDispatcher"      daemon [_thread_blocked, id=296636, stack(0x00000062aa200000,0x00000062aa300000) (1024K)]
  0x000001d9a10eaa80 JavaThread "JavaFX Application Thread"         [_thread_in_Java, id=302352, stack(0x00000062aa300000,0x00000062aa400000) (1024K)]
  0x000001d9a10e7750 JavaThread "JavaFX-Launcher"                   [_thread_blocked, id=302400, stack(0x00000062aaa00000,0x00000062aab00000) (1024K)]
  0x000001d9a10e7ea0 JavaThread "Thread-2"                   daemon [_thread_in_native, id=301452, stack(0x00000062aa900000,0x00000062aaa00000) (1024K)]
  0x000001d9a27ad370 JavaThread "C2 CompilerThread1"         daemon [_thread_blocked, id=300460, stack(0x00000062aab00000,0x00000062aac00000) (1024K)]
Total: 17

Other Threads:
  0x000001d9fe65a1c0 VMThread "VM Thread"                           [id=302452, stack(0x00000062a9500000,0x00000062a9600000) (1024K)]
  0x000001d9fe649f40 WatcherThread "VM Periodic Task Thread"        [id=299604, stack(0x00000062a9400000,0x00000062a9500000) (1024K)]
  0x000001d9f17ebee0 WorkerThread "GC Thread#0"                     [id=38464, stack(0x00000062a8f00000,0x00000062a9000000) (1024K)]
  0x000001d9f17f7bb0 ConcurrentGCThread "G1 Main Marker"            [id=301076, stack(0x00000062a9000000,0x00000062a9100000) (1024K)]
  0x000001d9f17f9d80 WorkerThread "G1 Conc#0"                       [id=292384, stack(0x00000062a9100000,0x00000062a9200000) (1024K)]
  0x000001d9f186df40 ConcurrentGCThread "G1 Refine#0"               [id=302088, stack(0x00000062a9200000,0x00000062a9300000) (1024K)]
  0x000001d9fe5218b0 ConcurrentGCThread "G1 Service"                [id=302348, stack(0x00000062a9300000,0x00000062a9400000) (1024K)]
Total: 7

Threads with active compile tasks:
C2 CompilerThread0  3836  889       4       java.util.HashMap::putVal (300 bytes)
Total: 1

VM state: not at safepoint (normal execution)

VM Mutex/Monitor currently owned by a thread: None

Heap address: 0x00000000c0000000, size: 1024 MB, Compressed Oops mode: 32-bit

CDS archive(s) mapped at: [0x000001d98f000000-0x000001d98fd40000-0x000001d98fd40000), size 13893632, SharedBaseAddress: 0x000001d98f000000, ArchiveRelocationMode: 1.
Compressed class space mapped at: 0x000001d990000000-0x000001d99d000000, reserved size: 218103808
UseCompressedClassPointers 1, UseCompactObjectHeaders 0
Narrow klass pointer bits 32, Max shift 3
Narrow klass base: 0x000001d98f000000, Narrow klass shift: 0
Encoding Range: [0x000001d98f000000 - 0x000001da8f000000), (4294967296 bytes)
Klass Range:    [0x000001d98f000000 - 0x000001d99d000000), (234881024 bytes)
Klass ID Range:  [8 - 234881017) (234881009)

GC Precious Log:
 CardTable entry size: 512
 Card Set container configuration: InlinePtr #cards 5 size 8 Array Of Cards #cards 10 size 36 Howl #buckets 4 coarsen threshold 1843 Howl Bitmap #cards 512 size 80 coarsen threshold 460 Card regions per heap region 1 cards per card region 2048
 CPUs: 12 total, 12 available
 Memory: 15690M
 Large Page Support: Disabled
 NUMA Support: Disabled
 Compressed Oops: Enabled (32-bit)
 Heap Region Size: 1M
 Heap Min Capacity: 256M
 Heap Initial Capacity: 256M
 Heap Max Capacity: 1G
 Pre-touch: Disabled
 Parallel Workers: 10
 Concurrent Workers: 3
 Concurrent Refinement Workers: 10
 Periodic GC: Disabled

Heap:
 garbage-first heap   total reserved 1048576K, committed 264192K, used 25716K [0x00000000c0000000, 0x0000000100000000)
  region size 1024K, 25 young (25600K), 0 survivors (0K)
 Metaspace       used 4380K, committed 4608K, reserved 278528K
  class space    used 390K, committed 512K, reserved 212992K

Heap Regions: E=young(eden), S=young(survivor), O=old, HS=humongous(starts), HC=humongous(continues), CS=collection set, F=free, TAMS=top-at-mark-start, PB=parsable bottom
|   0|0x00000000c0000000, 0x00000000c0000000, 0x00000000c0100000|  0%| F|  |TAMS 0x00000000c0000000| PB 0x00000000c0000000| Untracked |  0
|   1|0x00000000c0100000, 0x00000000c0100000, 0x00000000c0200000|  0%| F|  |TAMS 0x00000000c0100000| PB 0x00000000c0100000| Untracked |  0
|   2|0x00000000c0200000, 0x00000000c0200000, 0x00000000c0300000|  0%| F|  |TAMS 0x00000000c0200000| PB 0x00000000c0200000| Untracked |  0
|   3|0x00000000c0300000, 0x00000000c0300000, 0x00000000c0400000|  0%| F|  |TAMS 0x00000000c0300000| PB 0x00000000c0300000| Untracked |  0
|   4|0x00000000c0400000, 0x00000000c0400000, 0x00000000c0500000|  0%| F|  |TAMS 0x00000000c0400000| PB 0x00000000c0400000| Untracked |  0
|   5|0x00000000c0500000, 0x00000000c0500000, 0x00000000c0600000|  0%| F|  |TAMS 0x00000000c0500000| PB 0x00000000c0500000| Untracked |  0
|   6|0x00000000c0600000, 0x00000000c0600000, 0x00000000c0700000|  0%| F|  |TAMS 0x00000000c0600000| PB 0x00000000c0600000| Untracked |  0
|   7|0x00000000c0700000, 0x00000000c0700000, 0x00000000c0800000|  0%| F|  |TAMS 0x00000000c0700000| PB 0x00000000c0700000| Untracked |  0
|   8|0x00000000c0800000, 0x00000000c0800000, 0x00000000c0900000|  0%| F|  |TAMS 0x00000000c0800000| PB 0x00000000c0800000| Untracked |  0
|   9|0x00000000c0900000, 0x00000000c0900000, 0x00000000c0a00000|  0%| F|  |TAMS 0x00000000c0900000| PB 0x00000000c0900000| Untracked |  0
|  10|0x00000000c0a00000, 0x00000000c0a00000, 0x00000000c0b00000|  0%| F|  |TAMS 0x00000000c0a00000| PB 0x00000000c0a00000| Untracked |  0
|  11|0x00000000c0b00000, 0x00000000c0b00000, 0x00000000c0c00000|  0%| F|  |TAMS 0x00000000c0b00000| PB 0x00000000c0b00000| Untracked |  0
|  12|0x00000000c0c00000, 0x00000000c0c00000, 0x00000000c0d00000|  0%| F|  |TAMS 0x00000000c0c00000| PB 0x00000000c0c00000| Untracked |  0
|  13|0x00000000c0d00000, 0x00000000c0d00000, 0x00000000c0e00000|  0%| F|  |TAMS 0x00000000c0d00000| PB 0x00000000c0d00000| Untracked |  0
|  14|0x00000000c0e00000, 0x00000000c0e00000, 0x00000000c0f00000|  0%| F|  |TAMS 0x00000000c0e00000| PB 0x00000000c0e00000| Untracked |  0
|  15|0x00000000c0f00000, 0x00000000c0f00000, 0x00000000c1000000|  0%| F|  |TAMS 0x00000000c0f00000| PB 0x00000000c0f00000| Untracked |  0
|  16|0x00000000c1000000, 0x00000000c1000000, 0x00000000c1100000|  0%| F|  |TAMS 0x00000000c1000000| PB 0x00000000c1000000| Untracked |  0
|  17|0x00000000c1100000, 0x00000000c1100000, 0x00000000c1200000|  0%| F|  |TAMS 0x00000000c1100000| PB 0x00000000c1100000| Untracked |  0
|  18|0x00000000c1200000, 0x00000000c1200000, 0x00000000c1300000|  0%| F|  |TAMS 0x00000000c1200000| PB 0x00000000c1200000| Untracked |  0
|  19|0x00000000c1300000, 0x00000000c1300000, 0x00000000c1400000|  0%| F|  |TAMS 0x00000000c1300000| PB 0x00000000c1300000| Untracked |  0
|  20|0x00000000c1400000, 0x00000000c1400000, 0x00000000c1500000|  0%| F|  |TAMS 0x00000000c1400000| PB 0x00000000c1400000| Untracked |  0
|  21|0x00000000c1500000, 0x00000000c1500000, 0x00000000c1600000|  0%| F|  |TAMS 0x00000000c1500000| PB 0x00000000c1500000| Untracked |  0
|  22|0x00000000c1600000, 0x00000000c1600000, 0x00000000c1700000|  0%| F|  |TAMS 0x00000000c1600000| PB 0x00000000c1600000| Untracked |  0
|  23|0x00000000c1700000, 0x00000000c1700000, 0x00000000c1800000|  0%| F|  |TAMS 0x00000000c1700000| PB 0x00000000c1700000| Untracked |  0
|  24|0x00000000c1800000, 0x00000000c1800000, 0x00000000c1900000|  0%| F|  |TAMS 0x00000000c1800000| PB 0x00000000c1800000| Untracked |  0
|  25|0x00000000c1900000, 0x00000000c1900000, 0x00000000c1a00000|  0%| F|  |TAMS 0x00000000c1900000| PB 0x00000000c1900000| Untracked |  0
|  26|0x00000000c1a00000, 0x00000000c1a00000, 0x00000000c1b00000|  0%| F|  |TAMS 0x00000000c1a00000| PB 0x00000000c1a00000| Untracked |  0
|  27|0x00000000c1b00000, 0x00000000c1b00000, 0x00000000c1c00000|  0%| F|  |TAMS 0x00000000c1b00000| PB 0x00000000c1b00000| Untracked |  0
|  28|0x00000000c1c00000, 0x00000000c1c00000, 0x00000000c1d00000|  0%| F|  |TAMS 0x00000000c1c00000| PB 0x00000000c1c00000| Untracked |  0
|  29|0x00000000c1d00000, 0x00000000c1d00000, 0x00000000c1e00000|  0%| F|  |TAMS 0x00000000c1d00000| PB 0x00000000c1d00000| Untracked |  0
|  30|0x00000000c1e00000, 0x00000000c1e00000, 0x00000000c1f00000|  0%| F|  |TAMS 0x00000000c1e00000| PB 0x00000000c1e00000| Untracked |  0
|  31|0x00000000c1f00000, 0x00000000c1f00000, 0x00000000c2000000|  0%| F|  |TAMS 0x00000000c1f00000| PB 0x00000000c1f00000| Untracked |  0
|  32|0x00000000c2000000, 0x00000000c2000000, 0x00000000c2100000|  0%| F|  |TAMS 0x00000000c2000000| PB 0x00000000c2000000| Untracked |  0
|  33|0x00000000c2100000, 0x00000000c2100000, 0x00000000c2200000|  0%| F|  |TAMS 0x00000000c2100000| PB 0x00000000c2100000| Untracked |  0
|  34|0x00000000c2200000, 0x00000000c2200000, 0x00000000c2300000|  0%| F|  |TAMS 0x00000000c2200000| PB 0x00000000c2200000| Untracked |  0
|  35|0x00000000c2300000, 0x00000000c2300000, 0x00000000c2400000|  0%| F|  |TAMS 0x00000000c2300000| PB 0x00000000c2300000| Untracked |  0
|  36|0x00000000c2400000, 0x00000000c2400000, 0x00000000c2500000|  0%| F|  |TAMS 0x00000000c2400000| PB 0x00000000c2400000| Untracked |  0
|  37|0x00000000c2500000, 0x00000000c2500000, 0x00000000c2600000|  0%| F|  |TAMS 0x00000000c2500000| PB 0x00000000c2500000| Untracked |  0
|  38|0x00000000c2600000, 0x00000000c2600000, 0x00000000c2700000|  0%| F|  |TAMS 0x00000000c2600000| PB 0x00000000c2600000| Untracked |  0
|  39|0x00000000c2700000, 0x00000000c2700000, 0x00000000c2800000|  0%| F|  |TAMS 0x00000000c2700000| PB 0x00000000c2700000| Untracked |  0
|  40|0x00000000c2800000, 0x00000000c2800000, 0x00000000c2900000|  0%| F|  |TAMS 0x00000000c2800000| PB 0x00000000c2800000| Untracked |  0
|  41|0x00000000c2900000, 0x00000000c2900000, 0x00000000c2a00000|  0%| F|  |TAMS 0x00000000c2900000| PB 0x00000000c2900000| Untracked |  0
|  42|0x00000000c2a00000, 0x00000000c2a00000, 0x00000000c2b00000|  0%| F|  |TAMS 0x00000000c2a00000| PB 0x00000000c2a00000| Untracked |  0
|  43|0x00000000c2b00000, 0x00000000c2b00000, 0x00000000c2c00000|  0%| F|  |TAMS 0x00000000c2b00000| PB 0x00000000c2b00000| Untracked |  0
|  44|0x00000000c2c00000, 0x00000000c2c00000, 0x00000000c2d00000|  0%| F|  |TAMS 0x00000000c2c00000| PB 0x00000000c2c00000| Untracked |  0
|  45|0x00000000c2d00000, 0x00000000c2d00000, 0x00000000c2e00000|  0%| F|  |TAMS 0x00000000c2d00000| PB 0x00000000c2d00000| Untracked |  0
|  46|0x00000000c2e00000, 0x00000000c2e00000, 0x00000000c2f00000|  0%| F|  |TAMS 0x00000000c2e00000| PB 0x00000000c2e00000| Untracked |  0
|  47|0x00000000c2f00000, 0x00000000c2f00000, 0x00000000c3000000|  0%| F|  |TAMS 0x00000000c2f00000| PB 0x00000000c2f00000| Untracked |  0
|  48|0x00000000c3000000, 0x00000000c3000000, 0x00000000c3100000|  0%| F|  |TAMS 0x00000000c3000000| PB 0x00000000c3000000| Untracked |  0
|  49|0x00000000c3100000, 0x00000000c3100000, 0x00000000c3200000|  0%| F|  |TAMS 0x00000000c3100000| PB 0x00000000c3100000| Untracked |  0
|  50|0x00000000c3200000, 0x00000000c3200000, 0x00000000c3300000|  0%| F|  |TAMS 0x00000000c3200000| PB 0x00000000c3200000| Untracked |  0
|  51|0x00000000c3300000, 0x00000000c3300000, 0x00000000c3400000|  0%| F|  |TAMS 0x00000000c3300000| PB 0x00000000c3300000| Untracked |  0
|  52|0x00000000c3400000, 0x00000000c3400000, 0x00000000c3500000|  0%| F|  |TAMS 0x00000000c3400000| PB 0x00000000c3400000| Untracked |  0
|  53|0x00000000c3500000, 0x00000000c3500000, 0x00000000c3600000|  0%| F|  |TAMS 0x00000000c3500000| PB 0x00000000c3500000| Untracked |  0
|  54|0x00000000c3600000, 0x00000000c3600000, 0x00000000c3700000|  0%| F|  |TAMS 0x00000000c3600000| PB 0x00000000c3600000| Untracked |  0
|  55|0x00000000c3700000, 0x00000000c3700000, 0x00000000c3800000|  0%| F|  |TAMS 0x00000000c3700000| PB 0x00000000c3700000| Untracked |  0
|  56|0x00000000c3800000, 0x00000000c3800000, 0x00000000c3900000|  0%| F|  |TAMS 0x00000000c3800000| PB 0x00000000c3800000| Untracked |  0
|  57|0x00000000c3900000, 0x00000000c3900000, 0x00000000c3a00000|  0%| F|  |TAMS 0x00000000c3900000| PB 0x00000000c3900000| Untracked |  0
|  58|0x00000000c3a00000, 0x00000000c3a00000, 0x00000000c3b00000|  0%| F|  |TAMS 0x00000000c3a00000| PB 0x00000000c3a00000| Untracked |  0
|  59|0x00000000c3b00000, 0x00000000c3b00000, 0x00000000c3c00000|  0%| F|  |TAMS 0x00000000c3b00000| PB 0x00000000c3b00000| Untracked |  0
|  60|0x00000000c3c00000, 0x00000000c3c00000, 0x00000000c3d00000|  0%| F|  |TAMS 0x00000000c3c00000| PB 0x00000000c3c00000| Untracked |  0
|  61|0x00000000c3d00000, 0x00000000c3d00000, 0x00000000c3e00000|  0%| F|  |TAMS 0x00000000c3d00000| PB 0x00000000c3d00000| Untracked |  0
|  62|0x00000000c3e00000, 0x00000000c3e00000, 0x00000000c3f00000|  0%| F|  |TAMS 0x00000000c3e00000| PB 0x00000000c3e00000| Untracked |  0
|  63|0x00000000c3f00000, 0x00000000c3f00000, 0x00000000c4000000|  0%| F|  |TAMS 0x00000000c3f00000| PB 0x00000000c3f00000| Untracked |  0
|  64|0x00000000c4000000, 0x00000000c4000000, 0x00000000c4100000|  0%| F|  |TAMS 0x00000000c4000000| PB 0x00000000c4000000| Untracked |  0
|  65|0x00000000c4100000, 0x00000000c4100000, 0x00000000c4200000|  0%| F|  |TAMS 0x00000000c4100000| PB 0x00000000c4100000| Untracked |  0
|  66|0x00000000c4200000, 0x00000000c4200000, 0x00000000c4300000|  0%| F|  |TAMS 0x00000000c4200000| PB 0x00000000c4200000| Untracked |  0
|  67|0x00000000c4300000, 0x00000000c4300000, 0x00000000c4400000|  0%| F|  |TAMS 0x00000000c4300000| PB 0x00000000c4300000| Untracked |  0
|  68|0x00000000c4400000, 0x00000000c4400000, 0x00000000c4500000|  0%| F|  |TAMS 0x00000000c4400000| PB 0x00000000c4400000| Untracked |  0
|  69|0x00000000c4500000, 0x00000000c4500000, 0x00000000c4600000|  0%| F|  |TAMS 0x00000000c4500000| PB 0x00000000c4500000| Untracked |  0
|  70|0x00000000c4600000, 0x00000000c4600000, 0x00000000c4700000|  0%| F|  |TAMS 0x00000000c4600000| PB 0x00000000c4600000| Untracked |  0
|  71|0x00000000c4700000, 0x00000000c4700000, 0x00000000c4800000|  0%| F|  |TAMS 0x00000000c4700000| PB 0x00000000c4700000| Untracked |  0
|  72|0x00000000c4800000, 0x00000000c4800000, 0x00000000c4900000|  0%| F|  |TAMS 0x00000000c4800000| PB 0x00000000c4800000| Untracked |  0
|  73|0x00000000c4900000, 0x00000000c4900000, 0x00000000c4a00000|  0%| F|  |TAMS 0x00000000c4900000| PB 0x00000000c4900000| Untracked |  0
|  74|0x00000000c4a00000, 0x00000000c4a00000, 0x00000000c4b00000|  0%| F|  |TAMS 0x00000000c4a00000| PB 0x00000000c4a00000| Untracked |  0
|  75|0x00000000c4b00000, 0x00000000c4b00000, 0x00000000c4c00000|  0%| F|  |TAMS 0x00000000c4b00000| PB 0x00000000c4b00000| Untracked |  0
|  76|0x00000000c4c00000, 0x00000000c4c00000, 0x00000000c4d00000|  0%| F|  |TAMS 0x00000000c4c00000| PB 0x00000000c4c00000| Untracked |  0
|  77|0x00000000c4d00000, 0x00000000c4d00000, 0x00000000c4e00000|  0%| F|  |TAMS 0x00000000c4d00000| PB 0x00000000c4d00000| Untracked |  0
|  78|0x00000000c4e00000, 0x00000000c4e00000, 0x00000000c4f00000|  0%| F|  |TAMS 0x00000000c4e00000| PB 0x00000000c4e00000| Untracked |  0
|  79|0x00000000c4f00000, 0x00000000c4f00000, 0x00000000c5000000|  0%| F|  |TAMS 0x00000000c4f00000| PB 0x00000000c4f00000| Untracked |  0
|  80|0x00000000c5000000, 0x00000000c5000000, 0x00000000c5100000|  0%| F|  |TAMS 0x00000000c5000000| PB 0x00000000c5000000| Untracked |  0
|  81|0x00000000c5100000, 0x00000000c5100000, 0x00000000c5200000|  0%| F|  |TAMS 0x00000000c5100000| PB 0x00000000c5100000| Untracked |  0
|  82|0x00000000c5200000, 0x00000000c5200000, 0x00000000c5300000|  0%| F|  |TAMS 0x00000000c5200000| PB 0x00000000c5200000| Untracked |  0
|  83|0x00000000c5300000, 0x00000000c5300000, 0x00000000c5400000|  0%| F|  |TAMS 0x00000000c5300000| PB 0x00000000c5300000| Untracked |  0
|  84|0x00000000c5400000, 0x00000000c5400000, 0x00000000c5500000|  0%| F|  |TAMS 0x00000000c5400000| PB 0x00000000c5400000| Untracked |  0
|  85|0x00000000c5500000, 0x00000000c5500000, 0x00000000c5600000|  0%| F|  |TAMS 0x00000000c5500000| PB 0x00000000c5500000| Untracked |  0
|  86|0x00000000c5600000, 0x00000000c5600000, 0x00000000c5700000|  0%| F|  |TAMS 0x00000000c5600000| PB 0x00000000c5600000| Untracked |  0
|  87|0x00000000c5700000, 0x00000000c5700000, 0x00000000c5800000|  0%| F|  |TAMS 0x00000000c5700000| PB 0x00000000c5700000| Untracked |  0
|  88|0x00000000c5800000, 0x00000000c5800000, 0x00000000c5900000|  0%| F|  |TAMS 0x00000000c5800000| PB 0x00000000c5800000| Untracked |  0
|  89|0x00000000c5900000, 0x00000000c5900000, 0x00000000c5a00000|  0%| F|  |TAMS 0x00000000c5900000| PB 0x00000000c5900000| Untracked |  0
|  90|0x00000000c5a00000, 0x00000000c5a00000, 0x00000000c5b00000|  0%| F|  |TAMS 0x00000000c5a00000| PB 0x00000000c5a00000| Untracked |  0
|  91|0x00000000c5b00000, 0x00000000c5b00000, 0x00000000c5c00000|  0%| F|  |TAMS 0x00000000c5b00000| PB 0x00000000c5b00000| Untracked |  0
|  92|0x00000000c5c00000, 0x00000000c5c00000, 0x00000000c5d00000|  0%| F|  |TAMS 0x00000000c5c00000| PB 0x00000000c5c00000| Untracked |  0
|  93|0x00000000c5d00000, 0x00000000c5d00000, 0x00000000c5e00000|  0%| F|  |TAMS 0x00000000c5d00000| PB 0x00000000c5d00000| Untracked |  0
|  94|0x00000000c5e00000, 0x00000000c5e00000, 0x00000000c5f00000|  0%| F|  |TAMS 0x00000000c5e00000| PB 0x00000000c5e00000| Untracked |  0
|  95|0x00000000c5f00000, 0x00000000c5f00000, 0x00000000c6000000|  0%| F|  |TAMS 0x00000000c5f00000| PB 0x00000000c5f00000| Untracked |  0
|  96|0x00000000c6000000, 0x00000000c6000000, 0x00000000c6100000|  0%| F|  |TAMS 0x00000000c6000000| PB 0x00000000c6000000| Untracked |  0
|  97|0x00000000c6100000, 0x00000000c6100000, 0x00000000c6200000|  0%| F|  |TAMS 0x00000000c6100000| PB 0x00000000c6100000| Untracked |  0
|  98|0x00000000c6200000, 0x00000000c6200000, 0x00000000c6300000|  0%| F|  |TAMS 0x00000000c6200000| PB 0x00000000c6200000| Untracked |  0
|  99|0x00000000c6300000, 0x00000000c6300000, 0x00000000c6400000|  0%| F|  |TAMS 0x00000000c6300000| PB 0x00000000c6300000| Untracked |  0
| 100|0x00000000c6400000, 0x00000000c6400000, 0x00000000c6500000|  0%| F|  |TAMS 0x00000000c6400000| PB 0x00000000c6400000| Untracked |  0
| 101|0x00000000c6500000, 0x00000000c6500000, 0x00000000c6600000|  0%| F|  |TAMS 0x00000000c6500000| PB 0x00000000c6500000| Untracked |  0
| 102|0x00000000c6600000, 0x00000000c6600000, 0x00000000c6700000|  0%| F|  |TAMS 0x00000000c6600000| PB 0x00000000c6600000| Untracked |  0
| 103|0x00000000c6700000, 0x00000000c6700000, 0x00000000c6800000|  0%| F|  |TAMS 0x00000000c6700000| PB 0x00000000c6700000| Untracked |  0
| 104|0x00000000c6800000, 0x00000000c6800000, 0x00000000c6900000|  0%| F|  |TAMS 0x00000000c6800000| PB 0x00000000c6800000| Untracked |  0
| 105|0x00000000c6900000, 0x00000000c6900000, 0x00000000c6a00000|  0%| F|  |TAMS 0x00000000c6900000| PB 0x00000000c6900000| Untracked |  0
| 106|0x00000000c6a00000, 0x00000000c6a00000, 0x00000000c6b00000|  0%| F|  |TAMS 0x00000000c6a00000| PB 0x00000000c6a00000| Untracked |  0
| 107|0x00000000c6b00000, 0x00000000c6b00000, 0x00000000c6c00000|  0%| F|  |TAMS 0x00000000c6b00000| PB 0x00000000c6b00000| Untracked |  0
| 108|0x00000000c6c00000, 0x00000000c6c00000, 0x00000000c6d00000|  0%| F|  |TAMS 0x00000000c6c00000| PB 0x00000000c6c00000| Untracked |  0
| 109|0x00000000c6d00000, 0x00000000c6d00000, 0x00000000c6e00000|  0%| F|  |TAMS 0x00000000c6d00000| PB 0x00000000c6d00000| Untracked |  0
| 110|0x00000000c6e00000, 0x00000000c6e00000, 0x00000000c6f00000|  0%| F|  |TAMS 0x00000000c6e00000| PB 0x00000000c6e00000| Untracked |  0
| 111|0x00000000c6f00000, 0x00000000c6f00000, 0x00000000c7000000|  0%| F|  |TAMS 0x00000000c6f00000| PB 0x00000000c6f00000| Untracked |  0
| 112|0x00000000c7000000, 0x00000000c7000000, 0x00000000c7100000|  0%| F|  |TAMS 0x00000000c7000000| PB 0x00000000c7000000| Untracked |  0
| 113|0x00000000c7100000, 0x00000000c7100000, 0x00000000c7200000|  0%| F|  |TAMS 0x00000000c7100000| PB 0x00000000c7100000| Untracked |  0
| 114|0x00000000c7200000, 0x00000000c7200000, 0x00000000c7300000|  0%| F|  |TAMS 0x00000000c7200000| PB 0x00000000c7200000| Untracked |  0
| 115|0x00000000c7300000, 0x00000000c7300000, 0x00000000c7400000|  0%| F|  |TAMS 0x00000000c7300000| PB 0x00000000c7300000| Untracked |  0
| 116|0x00000000c7400000, 0x00000000c7400000, 0x00000000c7500000|  0%| F|  |TAMS 0x00000000c7400000| PB 0x00000000c7400000| Untracked |  0
| 117|0x00000000c7500000, 0x00000000c7500000, 0x00000000c7600000|  0%| F|  |TAMS 0x00000000c7500000| PB 0x00000000c7500000| Untracked |  0
| 118|0x00000000c7600000, 0x00000000c7600000, 0x00000000c7700000|  0%| F|  |TAMS 0x00000000c7600000| PB 0x00000000c7600000| Untracked |  0
| 119|0x00000000c7700000, 0x00000000c7700000, 0x00000000c7800000|  0%| F|  |TAMS 0x00000000c7700000| PB 0x00000000c7700000| Untracked |  0
| 120|0x00000000c7800000, 0x00000000c7800000, 0x00000000c7900000|  0%| F|  |TAMS 0x00000000c7800000| PB 0x00000000c7800000| Untracked |  0
| 121|0x00000000c7900000, 0x00000000c7900000, 0x00000000c7a00000|  0%| F|  |TAMS 0x00000000c7900000| PB 0x00000000c7900000| Untracked |  0
| 122|0x00000000c7a00000, 0x00000000c7a00000, 0x00000000c7b00000|  0%| F|  |TAMS 0x00000000c7a00000| PB 0x00000000c7a00000| Untracked |  0
| 123|0x00000000c7b00000, 0x00000000c7b00000, 0x00000000c7c00000|  0%| F|  |TAMS 0x00000000c7b00000| PB 0x00000000c7b00000| Untracked |  0
| 124|0x00000000c7c00000, 0x00000000c7c00000, 0x00000000c7d00000|  0%| F|  |TAMS 0x00000000c7c00000| PB 0x00000000c7c00000| Untracked |  0
| 125|0x00000000c7d00000, 0x00000000c7d00000, 0x00000000c7e00000|  0%| F|  |TAMS 0x00000000c7d00000| PB 0x00000000c7d00000| Untracked |  0
| 126|0x00000000c7e00000, 0x00000000c7e00000, 0x00000000c7f00000|  0%| F|  |TAMS 0x00000000c7e00000| PB 0x00000000c7e00000| Untracked |  0
| 127|0x00000000c7f00000, 0x00000000c7f00000, 0x00000000c8000000|  0%| F|  |TAMS 0x00000000c7f00000| PB 0x00000000c7f00000| Untracked |  0
| 128|0x00000000c8000000, 0x00000000c8000000, 0x00000000c8100000|  0%| F|  |TAMS 0x00000000c8000000| PB 0x00000000c8000000| Untracked |  0
| 129|0x00000000c8100000, 0x00000000c8100000, 0x00000000c8200000|  0%| F|  |TAMS 0x00000000c8100000| PB 0x00000000c8100000| Untracked |  0
| 130|0x00000000c8200000, 0x00000000c8200000, 0x00000000c8300000|  0%| F|  |TAMS 0x00000000c8200000| PB 0x00000000c8200000| Untracked |  0
| 131|0x00000000c8300000, 0x00000000c8300000, 0x00000000c8400000|  0%| F|  |TAMS 0x00000000c8300000| PB 0x00000000c8300000| Untracked |  0
| 132|0x00000000c8400000, 0x00000000c8400000, 0x00000000c8500000|  0%| F|  |TAMS 0x00000000c8400000| PB 0x00000000c8400000| Untracked |  0
| 133|0x00000000c8500000, 0x00000000c8500000, 0x00000000c8600000|  0%| F|  |TAMS 0x00000000c8500000| PB 0x00000000c8500000| Untracked |  0
| 134|0x00000000c8600000, 0x00000000c8600000, 0x00000000c8700000|  0%| F|  |TAMS 0x00000000c8600000| PB 0x00000000c8600000| Untracked |  0
| 135|0x00000000c8700000, 0x00000000c8700000, 0x00000000c8800000|  0%| F|  |TAMS 0x00000000c8700000| PB 0x00000000c8700000| Untracked |  0
| 136|0x00000000c8800000, 0x00000000c8800000, 0x00000000c8900000|  0%| F|  |TAMS 0x00000000c8800000| PB 0x00000000c8800000| Untracked |  0
| 137|0x00000000c8900000, 0x00000000c8900000, 0x00000000c8a00000|  0%| F|  |TAMS 0x00000000c8900000| PB 0x00000000c8900000| Untracked |  0
| 138|0x00000000c8a00000, 0x00000000c8a00000, 0x00000000c8b00000|  0%| F|  |TAMS 0x00000000c8a00000| PB 0x00000000c8a00000| Untracked |  0
| 139|0x00000000c8b00000, 0x00000000c8b00000, 0x00000000c8c00000|  0%| F|  |TAMS 0x00000000c8b00000| PB 0x00000000c8b00000| Untracked |  0
| 140|0x00000000c8c00000, 0x00000000c8c00000, 0x00000000c8d00000|  0%| F|  |TAMS 0x00000000c8c00000| PB 0x00000000c8c00000| Untracked |  0
| 141|0x00000000c8d00000, 0x00000000c8d00000, 0x00000000c8e00000|  0%| F|  |TAMS 0x00000000c8d00000| PB 0x00000000c8d00000| Untracked |  0
| 142|0x00000000c8e00000, 0x00000000c8e00000, 0x00000000c8f00000|  0%| F|  |TAMS 0x00000000c8e00000| PB 0x00000000c8e00000| Untracked |  0
| 143|0x00000000c8f00000, 0x00000000c8f00000, 0x00000000c9000000|  0%| F|  |TAMS 0x00000000c8f00000| PB 0x00000000c8f00000| Untracked |  0
| 144|0x00000000c9000000, 0x00000000c9000000, 0x00000000c9100000|  0%| F|  |TAMS 0x00000000c9000000| PB 0x00000000c9000000| Untracked |  0
| 145|0x00000000c9100000, 0x00000000c9100000, 0x00000000c9200000|  0%| F|  |TAMS 0x00000000c9100000| PB 0x00000000c9100000| Untracked |  0
| 146|0x00000000c9200000, 0x00000000c9200000, 0x00000000c9300000|  0%| F|  |TAMS 0x00000000c9200000| PB 0x00000000c9200000| Untracked |  0
| 147|0x00000000c9300000, 0x00000000c9300000, 0x00000000c9400000|  0%| F|  |TAMS 0x00000000c9300000| PB 0x00000000c9300000| Untracked |  0
| 148|0x00000000c9400000, 0x00000000c9400000, 0x00000000c9500000|  0%| F|  |TAMS 0x00000000c9400000| PB 0x00000000c9400000| Untracked |  0
| 149|0x00000000c9500000, 0x00000000c9500000, 0x00000000c9600000|  0%| F|  |TAMS 0x00000000c9500000| PB 0x00000000c9500000| Untracked |  0
| 150|0x00000000c9600000, 0x00000000c9600000, 0x00000000c9700000|  0%| F|  |TAMS 0x00000000c9600000| PB 0x00000000c9600000| Untracked |  0
| 151|0x00000000c9700000, 0x00000000c9700000, 0x00000000c9800000|  0%| F|  |TAMS 0x00000000c9700000| PB 0x00000000c9700000| Untracked |  0
| 152|0x00000000c9800000, 0x00000000c9800000, 0x00000000c9900000|  0%| F|  |TAMS 0x00000000c9800000| PB 0x00000000c9800000| Untracked |  0
| 153|0x00000000c9900000, 0x00000000c9900000, 0x00000000c9a00000|  0%| F|  |TAMS 0x00000000c9900000| PB 0x00000000c9900000| Untracked |  0
| 154|0x00000000c9a00000, 0x00000000c9a00000, 0x00000000c9b00000|  0%| F|  |TAMS 0x00000000c9a00000| PB 0x00000000c9a00000| Untracked |  0
| 155|0x00000000c9b00000, 0x00000000c9b00000, 0x00000000c9c00000|  0%| F|  |TAMS 0x00000000c9b00000| PB 0x00000000c9b00000| Untracked |  0
| 156|0x00000000c9c00000, 0x00000000c9c00000, 0x00000000c9d00000|  0%| F|  |TAMS 0x00000000c9c00000| PB 0x00000000c9c00000| Untracked |  0
| 157|0x00000000c9d00000, 0x00000000c9d00000, 0x00000000c9e00000|  0%| F|  |TAMS 0x00000000c9d00000| PB 0x00000000c9d00000| Untracked |  0
| 158|0x00000000c9e00000, 0x00000000c9e00000, 0x00000000c9f00000|  0%| F|  |TAMS 0x00000000c9e00000| PB 0x00000000c9e00000| Untracked |  0
| 159|0x00000000c9f00000, 0x00000000c9f00000, 0x00000000ca000000|  0%| F|  |TAMS 0x00000000c9f00000| PB 0x00000000c9f00000| Untracked |  0
| 160|0x00000000ca000000, 0x00000000ca000000, 0x00000000ca100000|  0%| F|  |TAMS 0x00000000ca000000| PB 0x00000000ca000000| Untracked |  0
| 161|0x00000000ca100000, 0x00000000ca100000, 0x00000000ca200000|  0%| F|  |TAMS 0x00000000ca100000| PB 0x00000000ca100000| Untracked |  0
| 162|0x00000000ca200000, 0x00000000ca200000, 0x00000000ca300000|  0%| F|  |TAMS 0x00000000ca200000| PB 0x00000000ca200000| Untracked |  0
| 163|0x00000000ca300000, 0x00000000ca300000, 0x00000000ca400000|  0%| F|  |TAMS 0x00000000ca300000| PB 0x00000000ca300000| Untracked |  0
| 164|0x00000000ca400000, 0x00000000ca400000, 0x00000000ca500000|  0%| F|  |TAMS 0x00000000ca400000| PB 0x00000000ca400000| Untracked |  0
| 165|0x00000000ca500000, 0x00000000ca500000, 0x00000000ca600000|  0%| F|  |TAMS 0x00000000ca500000| PB 0x00000000ca500000| Untracked |  0
| 166|0x00000000ca600000, 0x00000000ca600000, 0x00000000ca700000|  0%| F|  |TAMS 0x00000000ca600000| PB 0x00000000ca600000| Untracked |  0
| 167|0x00000000ca700000, 0x00000000ca700000, 0x00000000ca800000|  0%| F|  |TAMS 0x00000000ca700000| PB 0x00000000ca700000| Untracked |  0
| 168|0x00000000ca800000, 0x00000000ca800000, 0x00000000ca900000|  0%| F|  |TAMS 0x00000000ca800000| PB 0x00000000ca800000| Untracked |  0
| 169|0x00000000ca900000, 0x00000000ca900000, 0x00000000caa00000|  0%| F|  |TAMS 0x00000000ca900000| PB 0x00000000ca900000| Untracked |  0
| 170|0x00000000caa00000, 0x00000000caa00000, 0x00000000cab00000|  0%| F|  |TAMS 0x00000000caa00000| PB 0x00000000caa00000| Untracked |  0
| 171|0x00000000cab00000, 0x00000000cab00000, 0x00000000cac00000|  0%| F|  |TAMS 0x00000000cab00000| PB 0x00000000cab00000| Untracked |  0
| 172|0x00000000cac00000, 0x00000000cac00000, 0x00000000cad00000|  0%| F|  |TAMS 0x00000000cac00000| PB 0x00000000cac00000| Untracked |  0
| 173|0x00000000cad00000, 0x00000000cad00000, 0x00000000cae00000|  0%| F|  |TAMS 0x00000000cad00000| PB 0x00000000cad00000| Untracked |  0
| 174|0x00000000cae00000, 0x00000000cae00000, 0x00000000caf00000|  0%| F|  |TAMS 0x00000000cae00000| PB 0x00000000cae00000| Untracked |  0
| 175|0x00000000caf00000, 0x00000000caf00000, 0x00000000cb000000|  0%| F|  |TAMS 0x00000000caf00000| PB 0x00000000caf00000| Untracked |  0
| 176|0x00000000cb000000, 0x00000000cb000000, 0x00000000cb100000|  0%| F|  |TAMS 0x00000000cb000000| PB 0x00000000cb000000| Untracked |  0
| 177|0x00000000cb100000, 0x00000000cb100000, 0x00000000cb200000|  0%| F|  |TAMS 0x00000000cb100000| PB 0x00000000cb100000| Untracked |  0
| 178|0x00000000cb200000, 0x00000000cb200000, 0x00000000cb300000|  0%| F|  |TAMS 0x00000000cb200000| PB 0x00000000cb200000| Untracked |  0
| 179|0x00000000cb300000, 0x00000000cb300000, 0x00000000cb400000|  0%| F|  |TAMS 0x00000000cb300000| PB 0x00000000cb300000| Untracked |  0
| 180|0x00000000cb400000, 0x00000000cb400000, 0x00000000cb500000|  0%| F|  |TAMS 0x00000000cb400000| PB 0x00000000cb400000| Untracked |  0
| 181|0x00000000cb500000, 0x00000000cb500000, 0x00000000cb600000|  0%| F|  |TAMS 0x00000000cb500000| PB 0x00000000cb500000| Untracked |  0
| 182|0x00000000cb600000, 0x00000000cb600000, 0x00000000cb700000|  0%| F|  |TAMS 0x00000000cb600000| PB 0x00000000cb600000| Untracked |  0
| 183|0x00000000cb700000, 0x00000000cb700000, 0x00000000cb800000|  0%| F|  |TAMS 0x00000000cb700000| PB 0x00000000cb700000| Untracked |  0
| 184|0x00000000cb800000, 0x00000000cb800000, 0x00000000cb900000|  0%| F|  |TAMS 0x00000000cb800000| PB 0x00000000cb800000| Untracked |  0
| 185|0x00000000cb900000, 0x00000000cb900000, 0x00000000cba00000|  0%| F|  |TAMS 0x00000000cb900000| PB 0x00000000cb900000| Untracked |  0
| 186|0x00000000cba00000, 0x00000000cba00000, 0x00000000cbb00000|  0%| F|  |TAMS 0x00000000cba00000| PB 0x00000000cba00000| Untracked |  0
| 187|0x00000000cbb00000, 0x00000000cbb00000, 0x00000000cbc00000|  0%| F|  |TAMS 0x00000000cbb00000| PB 0x00000000cbb00000| Untracked |  0
| 188|0x00000000cbc00000, 0x00000000cbc00000, 0x00000000cbd00000|  0%| F|  |TAMS 0x00000000cbc00000| PB 0x00000000cbc00000| Untracked |  0
| 189|0x00000000cbd00000, 0x00000000cbd00000, 0x00000000cbe00000|  0%| F|  |TAMS 0x00000000cbd00000| PB 0x00000000cbd00000| Untracked |  0
| 190|0x00000000cbe00000, 0x00000000cbe00000, 0x00000000cbf00000|  0%| F|  |TAMS 0x00000000cbe00000| PB 0x00000000cbe00000| Untracked |  0
| 191|0x00000000cbf00000, 0x00000000cbf00000, 0x00000000cc000000|  0%| F|  |TAMS 0x00000000cbf00000| PB 0x00000000cbf00000| Untracked |  0
| 192|0x00000000cc000000, 0x00000000cc000000, 0x00000000cc100000|  0%| F|  |TAMS 0x00000000cc000000| PB 0x00000000cc000000| Untracked |  0
| 193|0x00000000cc100000, 0x00000000cc100000, 0x00000000cc200000|  0%| F|  |TAMS 0x00000000cc100000| PB 0x00000000cc100000| Untracked |  0
| 194|0x00000000cc200000, 0x00000000cc200000, 0x00000000cc300000|  0%| F|  |TAMS 0x00000000cc200000| PB 0x00000000cc200000| Untracked |  0
| 195|0x00000000cc300000, 0x00000000cc300000, 0x00000000cc400000|  0%| F|  |TAMS 0x00000000cc300000| PB 0x00000000cc300000| Untracked |  0
| 196|0x00000000cc400000, 0x00000000cc400000, 0x00000000cc500000|  0%| F|  |TAMS 0x00000000cc400000| PB 0x00000000cc400000| Untracked |  0
| 197|0x00000000cc500000, 0x00000000cc500000, 0x00000000cc600000|  0%| F|  |TAMS 0x00000000cc500000| PB 0x00000000cc500000| Untracked |  0
| 198|0x00000000cc600000, 0x00000000cc600000, 0x00000000cc700000|  0%| F|  |TAMS 0x00000000cc600000| PB 0x00000000cc600000| Untracked |  0
| 199|0x00000000cc700000, 0x00000000cc700000, 0x00000000cc800000|  0%| F|  |TAMS 0x00000000cc700000| PB 0x00000000cc700000| Untracked |  0
| 200|0x00000000cc800000, 0x00000000cc800000, 0x00000000cc900000|  0%| F|  |TAMS 0x00000000cc800000| PB 0x00000000cc800000| Untracked |  0
| 201|0x00000000cc900000, 0x00000000cc900000, 0x00000000cca00000|  0%| F|  |TAMS 0x00000000cc900000| PB 0x00000000cc900000| Untracked |  0
| 202|0x00000000cca00000, 0x00000000cca00000, 0x00000000ccb00000|  0%| F|  |TAMS 0x00000000cca00000| PB 0x00000000cca00000| Untracked |  0
| 203|0x00000000ccb00000, 0x00000000ccb00000, 0x00000000ccc00000|  0%| F|  |TAMS 0x00000000ccb00000| PB 0x00000000ccb00000| Untracked |  0
| 204|0x00000000ccc00000, 0x00000000ccc00000, 0x00000000ccd00000|  0%| F|  |TAMS 0x00000000ccc00000| PB 0x00000000ccc00000| Untracked |  0
| 205|0x00000000ccd00000, 0x00000000ccd00000, 0x00000000cce00000|  0%| F|  |TAMS 0x00000000ccd00000| PB 0x00000000ccd00000| Untracked |  0
| 206|0x00000000cce00000, 0x00000000cce00000, 0x00000000ccf00000|  0%| F|  |TAMS 0x00000000cce00000| PB 0x00000000cce00000| Untracked |  0
| 207|0x00000000ccf00000, 0x00000000ccf00000, 0x00000000cd000000|  0%| F|  |TAMS 0x00000000ccf00000| PB 0x00000000ccf00000| Untracked |  0
| 208|0x00000000cd000000, 0x00000000cd000000, 0x00000000cd100000|  0%| F|  |TAMS 0x00000000cd000000| PB 0x00000000cd000000| Untracked |  0
| 209|0x00000000cd100000, 0x00000000cd100000, 0x00000000cd200000|  0%| F|  |TAMS 0x00000000cd100000| PB 0x00000000cd100000| Untracked |  0
| 210|0x00000000cd200000, 0x00000000cd200000, 0x00000000cd300000|  0%| F|  |TAMS 0x00000000cd200000| PB 0x00000000cd200000| Untracked |  0
| 211|0x00000000cd300000, 0x00000000cd300000, 0x00000000cd400000|  0%| F|  |TAMS 0x00000000cd300000| PB 0x00000000cd300000| Untracked |  0
| 212|0x00000000cd400000, 0x00000000cd400000, 0x00000000cd500000|  0%| F|  |TAMS 0x00000000cd400000| PB 0x00000000cd400000| Untracked |  0
| 213|0x00000000cd500000, 0x00000000cd500000, 0x00000000cd600000|  0%| F|  |TAMS 0x00000000cd500000| PB 0x00000000cd500000| Untracked |  0
| 214|0x00000000cd600000, 0x00000000cd600000, 0x00000000cd700000|  0%| F|  |TAMS 0x00000000cd600000| PB 0x00000000cd600000| Untracked |  0
| 215|0x00000000cd700000, 0x00000000cd700000, 0x00000000cd800000|  0%| F|  |TAMS 0x00000000cd700000| PB 0x00000000cd700000| Untracked |  0
| 216|0x00000000cd800000, 0x00000000cd800000, 0x00000000cd900000|  0%| F|  |TAMS 0x00000000cd800000| PB 0x00000000cd800000| Untracked |  0
| 217|0x00000000cd900000, 0x00000000cd900000, 0x00000000cda00000|  0%| F|  |TAMS 0x00000000cd900000| PB 0x00000000cd900000| Untracked |  0
| 218|0x00000000cda00000, 0x00000000cda00000, 0x00000000cdb00000|  0%| F|  |TAMS 0x00000000cda00000| PB 0x00000000cda00000| Untracked |  0
| 219|0x00000000cdb00000, 0x00000000cdb00000, 0x00000000cdc00000|  0%| F|  |TAMS 0x00000000cdb00000| PB 0x00000000cdb00000| Untracked |  0
| 220|0x00000000cdc00000, 0x00000000cdc00000, 0x00000000cdd00000|  0%| F|  |TAMS 0x00000000cdc00000| PB 0x00000000cdc00000| Untracked |  0
| 221|0x00000000cdd00000, 0x00000000cdd00000, 0x00000000cde00000|  0%| F|  |TAMS 0x00000000cdd00000| PB 0x00000000cdd00000| Untracked |  0
| 222|0x00000000cde00000, 0x00000000cde00000, 0x00000000cdf00000|  0%| F|  |TAMS 0x00000000cde00000| PB 0x00000000cde00000| Untracked |  0
| 223|0x00000000cdf00000, 0x00000000cdf00000, 0x00000000ce000000|  0%| F|  |TAMS 0x00000000cdf00000| PB 0x00000000cdf00000| Untracked |  0
| 224|0x00000000ce000000, 0x00000000ce000000, 0x00000000ce100000|  0%| F|  |TAMS 0x00000000ce000000| PB 0x00000000ce000000| Untracked |  0
| 225|0x00000000ce100000, 0x00000000ce100000, 0x00000000ce200000|  0%| F|  |TAMS 0x00000000ce100000| PB 0x00000000ce100000| Untracked |  0
| 226|0x00000000ce200000, 0x00000000ce200000, 0x00000000ce300000|  0%| F|  |TAMS 0x00000000ce200000| PB 0x00000000ce200000| Untracked |  0
| 227|0x00000000ce300000, 0x00000000ce300000, 0x00000000ce400000|  0%| F|  |TAMS 0x00000000ce300000| PB 0x00000000ce300000| Untracked |  0
| 228|0x00000000ce400000, 0x00000000ce400000, 0x00000000ce500000|  0%| F|  |TAMS 0x00000000ce400000| PB 0x00000000ce400000| Untracked |  0
| 229|0x00000000ce500000, 0x00000000ce500000, 0x00000000ce600000|  0%| F|  |TAMS 0x00000000ce500000| PB 0x00000000ce500000| Untracked |  0
| 230|0x00000000ce600000, 0x00000000ce600000, 0x00000000ce700000|  0%| F|  |TAMS 0x00000000ce600000| PB 0x00000000ce600000| Untracked |  0
| 231|0x00000000ce700000, 0x00000000ce784010, 0x00000000ce800000| 51%| E|  |TAMS 0x00000000ce700000| PB 0x00000000ce700000| Complete |  0
| 232|0x00000000ce800000, 0x00000000ce900000, 0x00000000ce900000|100%| E|CS|TAMS 0x00000000ce800000| PB 0x00000000ce800000| Complete |  1
| 233|0x00000000ce900000, 0x00000000cea00000, 0x00000000cea00000|100%| E|CS|TAMS 0x00000000ce900000| PB 0x00000000ce900000| Complete |  0
| 234|0x00000000cea00000, 0x00000000ceb00000, 0x00000000ceb00000|100%| E|CS|TAMS 0x00000000cea00000| PB 0x00000000cea00000| Complete |  0
| 235|0x00000000ceb00000, 0x00000000cec00000, 0x00000000cec00000|100%| E|CS|TAMS 0x00000000ceb00000| PB 0x00000000ceb00000| Complete |  0
| 236|0x00000000cec00000, 0x00000000ced00000, 0x00000000ced00000|100%| E|CS|TAMS 0x00000000cec00000| PB 0x00000000cec00000| Complete |  0
| 237|0x00000000ced00000, 0x00000000cee00000, 0x00000000cee00000|100%| E|CS|TAMS 0x00000000ced00000| PB 0x00000000ced00000| Complete |  0
| 238|0x00000000cee00000, 0x00000000cef00000, 0x00000000cef00000|100%| E|CS|TAMS 0x00000000cee00000| PB 0x00000000cee00000| Complete |  0
| 239|0x00000000cef00000, 0x00000000cf000000, 0x00000000cf000000|100%| E|CS|TAMS 0x00000000cef00000| PB 0x00000000cef00000| Complete |  0
| 240|0x00000000cf000000, 0x00000000cf100000, 0x00000000cf100000|100%| E|CS|TAMS 0x00000000cf000000| PB 0x00000000cf000000| Complete |  0
| 241|0x00000000cf100000, 0x00000000cf200000, 0x00000000cf200000|100%| E|CS|TAMS 0x00000000cf100000| PB 0x00000000cf100000| Complete |  0
| 242|0x00000000cf200000, 0x00000000cf300000, 0x00000000cf300000|100%| E|CS|TAMS 0x00000000cf200000| PB 0x00000000cf200000| Complete |  0
| 243|0x00000000cf300000, 0x00000000cf400000, 0x00000000cf400000|100%| E|CS|TAMS 0x00000000cf300000| PB 0x00000000cf300000| Complete |  0
| 244|0x00000000cf400000, 0x00000000cf500000, 0x00000000cf500000|100%| E|CS|TAMS 0x00000000cf400000| PB 0x00000000cf400000| Complete |  0
| 245|0x00000000cf500000, 0x00000000cf600000, 0x00000000cf600000|100%| E|CS|TAMS 0x00000000cf500000| PB 0x00000000cf500000| Complete |  0
| 246|0x00000000cf600000, 0x00000000cf700000, 0x00000000cf700000|100%| E|CS|TAMS 0x00000000cf600000| PB 0x00000000cf600000| Complete |  0
| 247|0x00000000cf700000, 0x00000000cf800000, 0x00000000cf800000|100%| E|CS|TAMS 0x00000000cf700000| PB 0x00000000cf700000| Complete |  0
| 248|0x00000000cf800000, 0x00000000cf900000, 0x00000000cf900000|100%| E|CS|TAMS 0x00000000cf800000| PB 0x00000000cf800000| Complete |  0
| 249|0x00000000cf900000, 0x00000000cfa00000, 0x00000000cfa00000|100%| E|CS|TAMS 0x00000000cf900000| PB 0x00000000cf900000| Complete |  0
| 250|0x00000000cfa00000, 0x00000000cfb00000, 0x00000000cfb00000|100%| E|CS|TAMS 0x00000000cfa00000| PB 0x00000000cfa00000| Complete |  0
| 251|0x00000000cfb00000, 0x00000000cfc00000, 0x00000000cfc00000|100%| E|CS|TAMS 0x00000000cfb00000| PB 0x00000000cfb00000| Complete |  0
| 252|0x00000000cfc00000, 0x00000000cfd00000, 0x00000000cfd00000|100%| E|CS|TAMS 0x00000000cfc00000| PB 0x00000000cfc00000| Complete |  0
| 253|0x00000000cfd00000, 0x00000000cfe00000, 0x00000000cfe00000|100%| E|CS|TAMS 0x00000000cfd00000| PB 0x00000000cfd00000| Complete |  0
| 254|0x00000000cfe00000, 0x00000000cff00000, 0x00000000cff00000|100%| E|CS|TAMS 0x00000000cfe00000| PB 0x00000000cfe00000| Complete |  0
| 255|0x00000000cff00000, 0x00000000d0000000, 0x00000000d0000000|100%| E|CS|TAMS 0x00000000cff00000| PB 0x00000000cff00000| Complete |  0
|1022|0x00000000ffe00000, 0x00000000fff00000, 0x00000000fff00000|100%| O|  |TAMS 0x00000000ffe00000| PB 0x00000000ffe00000| Untracked |  0
|1023|0x00000000fff00000, 0x00000000fff1d248, 0x0000000100000000| 11%| O|  |TAMS 0x00000000fff00000| PB 0x00000000fff00000| Untracked |  0

Card table byte_map: [0x000001d9fa7b0000,0x000001d9fa9b0000] _byte_map_base: 0x000001d9fa1b0000

Marking Bits: (CMBitMap*) 0x000001d9f17ec500
 Bits: [0x000001d9fa9b0000, 0x000001d9fb9b0000)

Polling page: 0x000001d9f0f80000

Metaspace:

Usage:
  Non-class:      3.92 MB used.
      Class:    393.02 KB used.
       Both:      4.31 MB used.

Virtual space:
  Non-class space:       64.00 MB reserved,       4.06 MB (  6%) committed,  1 nodes.
      Class space:      208.00 MB reserved,     512.00 KB ( <1%) committed,  1 nodes.
             Both:      272.00 MB reserved,       4.56 MB (  2%) committed. 

Chunk freelists:
   Non-Class:  9.93 MB
       Class:  15.50 MB
        Both:  25.43 MB

MaxMetaspaceSize: 256.00 MB
CompressedClassSpaceSize: 208.00 MB
Initial GC threshold: 21.00 MB
Current GC threshold: 21.00 MB
CDS: on
 - commit_granule_bytes: 65536.
 - commit_granule_words: 8192.
 - virtual_space_node_default_size: 8388608.
 - enlarge_chunks_in_place: 1.
UseCompressedClassPointers 1, UseCompactObjectHeaders 0
Narrow klass pointer bits 32, Max shift 3
Narrow klass base: 0x000001d98f000000, Narrow klass shift: 0
Encoding Range: [0x000001d98f000000 - 0x000001da8f000000), (4294967296 bytes)
Klass Range:    [0x000001d98f000000 - 0x000001d99d000000), (234881024 bytes)
Klass ID Range:  [8 - 234881017) (234881009)


Internal statistics:

num_allocs_failed_limit: 0.
num_arena_births: 88.
num_arena_deaths: 0.
num_vsnodes_births: 2.
num_vsnodes_deaths: 0.
num_space_committed: 73.
num_space_uncommitted: 0.
num_chunks_returned_to_freelist: 0.
num_chunks_taken_from_freelist: 202.
num_chunk_merges: 0.
num_chunk_splits: 132.
num_chunks_enlarged: 96.
num_inconsistent_stats: 0.

CodeHeap 'non-profiled nmethods': size=120064Kb used=308Kb max_used=308Kb free=119755Kb
 bounds [0x000001d987ac0000, 0x000001d987d30000, 0x000001d98f000000]
CodeHeap 'profiled nmethods': size=120000Kb used=1248Kb max_used=1248Kb free=118751Kb
 bounds [0x000001d980000000, 0x000001d980270000, 0x000001d987530000]
CodeHeap 'non-nmethods': size=5696Kb used=1317Kb max_used=1346Kb free=4378Kb
 bounds [0x000001d987530000, 0x000001d9877a0000, 0x000001d987ac0000]
CodeCache: size=245760Kb, used=2873Kb, max_used=2902Kb, free=242884Kb
 total_blobs=1489, nmethods=1008, adapters=386, full_count=0
Compilation: enabled, stopped_count=0, restarted_count=0

Compilation events (20 events):
Event: 2.756 Thread 0x000001d9a1030240 nmethod 890 0x000001d98010a408 code [0x000001d98010a540, 0x000001d98010a8c0]
Event: 2.756 Thread 0x000001d9a1030240  891       3       jdk.internal.classfile.impl.AbstractPoolEntry$ClassEntryImpl::asSymbol (53 bytes)
Event: 2.757 Thread 0x000001d9a1030240 nmethod 891 0x000001d98010a908 code [0x000001d98010aca0, 0x000001d98010d270]
Event: 2.759 Thread 0x000001d9a1030240  893       3       java.nio.Buffer::<init> (105 bytes)
Event: 2.759 Thread 0x000001d9a1030240 nmethod 893 0x000001d98010d388 code [0x000001d98010d5c0, 0x000001d98010e4b8]
Event: 2.759 Thread 0x000001d9a1030240  894       3       java.io.FilterInputStream::<init> (10 bytes)
Event: 2.760 Thread 0x000001d9a1030240 nmethod 894 0x000001d98010e588 code [0x000001d98010e6a0, 0x000001d98010e8c8]
Event: 2.760 Thread 0x000001d9a1030240  895       3       java.util.zip.ZipUtils::LOCSIG (6 bytes)
Event: 2.760 Thread 0x000001d9a1030240 nmethod 895 0x000001d98010e908 code [0x000001d98010ea20, 0x000001d98010eb38]
Event: 2.761 Thread 0x000001d9a1030240  896       3       java.nio.ByteOrder::nativeOrder (4 bytes)
Event: 2.761 Thread 0x000001d9a1030240 nmethod 896 0x000001d98010ec08 code [0x000001d98010ed20, 0x000001d98010ee10]
Event: 2.761 Thread 0x000001d9a1030240  897       3       java.util.Collections$SetFromMap::add (22 bytes)
Event: 2.761 Thread 0x000001d9a1030240 nmethod 897 0x000001d98010ef08 code [0x000001d98010f020, 0x000001d98010f250]
Event: 2.762 Thread 0x000001d9a1030240  898       3       java.util.WeakHashMap::put (160 bytes)
Event: 2.762 Thread 0x000001d9a1030240 nmethod 898 0x000001d98010f288 code [0x000001d98010f4a0, 0x000001d9801104c0]
Event: 2.762 Thread 0x000001d9a1030240  899       3       java.util.WeakHashMap$Entry::<init> (24 bytes)
Event: 2.762 Thread 0x000001d9a1030240 nmethod 899 0x000001d980110588 code [0x000001d9801106c0, 0x000001d980110a98]
Event: 2.762 Thread 0x000001d9a1030240  900       3       java.nio.ByteBuffer::array (35 bytes)
Event: 2.762 Thread 0x000001d9a1030240 nmethod 900 0x000001d980110b08 code [0x000001d980110c40, 0x000001d980110f00]
Event: 2.763 Thread 0x000001d9a1030240  901       3       java.util.zip.ZipFile$Source::getEntryPos (191 bytes)

GC Heap History (0 events):
No events

Dll operation events (20 events):
Event: 0.292 Loaded shared library D:\KULIAH PENTING\CODING\javaSDK\javafx-sdk-25.0.1\bin\api-ms-win-crt-filesystem-l1-1-0.dll
Event: 0.293 Loaded shared library D:\KULIAH PENTING\CODING\javaSDK\javafx-sdk-25.0.1\bin\api-ms-win-crt-heap-l1-1-0.dll
Event: 0.294 Loaded shared library D:\KULIAH PENTING\CODING\javaSDK\javafx-sdk-25.0.1\bin\api-ms-win-crt-locale-l1-1-0.dll
Event: 0.295 Loaded shared library D:\KULIAH PENTING\CODING\javaSDK\javafx-sdk-25.0.1\bin\api-ms-win-crt-math-l1-1-0.dll
Event: 0.296 Loaded shared library D:\KULIAH PENTING\CODING\javaSDK\javafx-sdk-25.0.1\bin\api-ms-win-crt-multibyte-l1-1-0.dll
Event: 0.297 Loaded shared library D:\KULIAH PENTING\CODING\javaSDK\javafx-sdk-25.0.1\bin\api-ms-win-crt-private-l1-1-0.dll
Event: 0.298 Loaded shared library D:\KULIAH PENTING\CODING\javaSDK\javafx-sdk-25.0.1\bin\api-ms-win-crt-process-l1-1-0.dll
Event: 0.299 Loaded shared library D:\KULIAH PENTING\CODING\javaSDK\javafx-sdk-25.0.1\bin\api-ms-win-crt-runtime-l1-1-0.dll
Event: 0.300 Loaded shared library D:\KULIAH PENTING\CODING\javaSDK\javafx-sdk-25.0.1\bin\api-ms-win-crt-stdio-l1-1-0.dll
Event: 0.301 Loaded shared library D:\KULIAH PENTING\CODING\javaSDK\javafx-sdk-25.0.1\bin\api-ms-win-crt-string-l1-1-0.dll
Event: 0.302 Loaded shared library D:\KULIAH PENTING\CODING\javaSDK\javafx-sdk-25.0.1\bin\api-ms-win-crt-time-l1-1-0.dll
Event: 0.303 Loaded shared library D:\KULIAH PENTING\CODING\javaSDK\javafx-sdk-25.0.1\bin\api-ms-win-crt-utility-l1-1-0.dll
Event: 0.305 Loaded shared library D:\KULIAH PENTING\CODING\javaSDK\javafx-sdk-25.0.1\bin\ucrtbase.dll
Event: 0.306 Loaded shared library D:\KULIAH PENTING\CODING\javaSDK\javafx-sdk-25.0.1\bin\vcruntime140.dll
Event: 0.308 Loaded shared library D:\KULIAH PENTING\CODING\javaSDK\javafx-sdk-25.0.1\bin\vcruntime140_1.dll
Event: 0.310 Loaded shared library D:\KULIAH PENTING\CODING\javaSDK\javafx-sdk-25.0.1\bin\msvcp140.dll
Event: 0.312 Loaded shared library D:\KULIAH PENTING\CODING\javaSDK\javafx-sdk-25.0.1\bin\msvcp140_1.dll
Event: 0.314 Loaded shared library D:\KULIAH PENTING\CODING\javaSDK\javafx-sdk-25.0.1\bin\msvcp140_2.dll
Event: 0.351 Loaded shared library D:\KULIAH PENTING\CODING\javaSDK\javafx-sdk-25.0.1\bin\prism_d3d.dll
Event: 0.534 Loaded shared library D:\KULIAH PENTING\CODING\javaSDK\javafx-sdk-25.0.1\bin\glass.dll

Deoptimization events (20 events):
Event: 0.208 Thread 0x000001d9ef3962a0 Uncommon trap: trap_request=0xffffffde fr.pc=0x000001d987af4488 relative=0x00000000000002a8
Event: 0.208 Thread 0x000001d9ef3962a0 Uncommon trap: reason=class_check action=maybe_recompile pc=0x000001d987af4488 method=java.util.HashMap.putVal(ILjava/lang/Object;Ljava/lang/Object;ZZ)Ljava/lang/Object; @ 253 c2
Event: 0.208 Thread 0x000001d9ef3962a0 DEOPT PACKING pc=0x000001d987af4488 sp=0x00000062a8efe200
Event: 0.208 Thread 0x000001d9ef3962a0 DEOPT UNPACKING pc=0x000001d987644102 sp=0x00000062a8efe190 mode 2
Event: 0.530 Thread 0x000001d9ef3962a0 Uncommon trap: trap_request=0xffffffc6 fr.pc=0x000001d987af4b88 relative=0x00000000000009a8
Event: 0.530 Thread 0x000001d9ef3962a0 Uncommon trap: reason=bimorphic_or_optimized_type_check action=maybe_recompile pc=0x000001d987af4b88 method=java.util.HashMap.putVal(ILjava/lang/Object;Ljava/lang/Object;ZZ)Ljava/lang/Object; @ 56 c2
Event: 0.530 Thread 0x000001d9ef3962a0 DEOPT PACKING pc=0x000001d987af4b88 sp=0x00000062a8efd760
Event: 0.530 Thread 0x000001d9ef3962a0 DEOPT UNPACKING pc=0x000001d987644102 sp=0x00000062a8efd6c8 mode 2
Event: 0.530 Thread 0x000001d9ef3962a0 Uncommon trap: trap_request=0xffffffc6 fr.pc=0x000001d987af4b88 relative=0x00000000000009a8
Event: 0.530 Thread 0x000001d9ef3962a0 Uncommon trap: reason=bimorphic_or_optimized_type_check action=maybe_recompile pc=0x000001d987af4b88 method=java.util.HashMap.putVal(ILjava/lang/Object;Ljava/lang/Object;ZZ)Ljava/lang/Object; @ 56 c2
Event: 0.530 Thread 0x000001d9ef3962a0 DEOPT PACKING pc=0x000001d987af4b88 sp=0x00000062a8efd760
Event: 0.530 Thread 0x000001d9ef3962a0 DEOPT UNPACKING pc=0x000001d987644102 sp=0x00000062a8efd6c8 mode 2
Event: 0.530 Thread 0x000001d9ef3962a0 Uncommon trap: trap_request=0xffffffc6 fr.pc=0x000001d987af4b88 relative=0x00000000000009a8
Event: 0.530 Thread 0x000001d9ef3962a0 Uncommon trap: reason=bimorphic_or_optimized_type_check action=maybe_recompile pc=0x000001d987af4b88 method=java.util.HashMap.putVal(ILjava/lang/Object;Ljava/lang/Object;ZZ)Ljava/lang/Object; @ 56 c2
Event: 0.530 Thread 0x000001d9ef3962a0 DEOPT PACKING pc=0x000001d987af4b88 sp=0x00000062a8efd760
Event: 0.530 Thread 0x000001d9ef3962a0 DEOPT UNPACKING pc=0x000001d987644102 sp=0x00000062a8efd6c8 mode 2
Event: 0.530 Thread 0x000001d9ef3962a0 Uncommon trap: trap_request=0xffffffc6 fr.pc=0x000001d987af4b88 relative=0x00000000000009a8
Event: 0.530 Thread 0x000001d9ef3962a0 Uncommon trap: reason=bimorphic_or_optimized_type_check action=maybe_recompile pc=0x000001d987af4b88 method=java.util.HashMap.putVal(ILjava/lang/Object;Ljava/lang/Object;ZZ)Ljava/lang/Object; @ 56 c2
Event: 0.530 Thread 0x000001d9ef3962a0 DEOPT PACKING pc=0x000001d987af4b88 sp=0x00000062a8efd760
Event: 0.530 Thread 0x000001d9ef3962a0 DEOPT UNPACKING pc=0x000001d987644102 sp=0x00000062a8efd6c8 mode 2

Classes loaded (20 events):
Event: 0.531 Loading class java/lang/ProcessEnvironment$CheckedEntrySet$1
Event: 0.531 Loading class java/lang/ProcessEnvironment$CheckedEntrySet$1 done
Event: 0.531 Loading class java/lang/ProcessEnvironment$CheckedEntry
Event: 0.531 Loading class java/lang/ProcessEnvironment$CheckedEntry done
Event: 0.535 Loading class java/util/concurrent/BlockingDeque
Event: 0.535 Loading class java/util/concurrent/BlockingDeque done
Event: 0.535 Loading class java/util/concurrent/LinkedBlockingDeque
Event: 0.535 Loading class java/util/concurrent/LinkedBlockingDeque done
Event: 0.568 Loading class java/util/concurrent/FutureTask
Event: 0.568 Loading class java/util/concurrent/FutureTask done
Event: 0.569 Loading class java/util/concurrent/CancellationException
Event: 0.570 Loading class java/util/concurrent/CancellationException done
Event: 0.570 Loading class java/util/concurrent/ExecutionException
Event: 0.570 Loading class java/util/concurrent/ExecutionException done
Event: 0.570 Loading class java/util/concurrent/FutureTask$WaitNode
Event: 0.570 Loading class java/util/concurrent/FutureTask$WaitNode done
Event: 0.570 Loading class java/util/concurrent/Executors$RunnableAdapter
Event: 0.570 Loading class java/util/concurrent/Executors$RunnableAdapter done
Event: 2.760 Loading class java/util/NoSuchElementException
Event: 2.760 Loading class java/util/NoSuchElementException done

Classes unloaded (0 events):
No events

Classes redefined (0 events):
No events

Internal exceptions (14 events):
Event: 0.077 Thread 0x000001d9ef3962a0 Exception <a 'java/lang/NoSuchMethodError'{0x00000000cfea2f50}: 'void java.lang.invoke.DirectMethodHandle$Holder.invokeVirtual(java.lang.Object, java.lang.Object)'> (0x00000000cfea2f50) 
thrown [s\open\src\hotspot\share\interpreter\linkResolver.cpp, line 805]
Event: 0.079 Thread 0x000001d9ef3962a0 Exception <a 'java/lang/NoSuchMethodError'{0x00000000cfec1d70}: 'java.lang.Object java.lang.invoke.DirectMethodHandle$Holder.invokeInterface(java.lang.Object, java.lang.Object, java.lang.Object)'> (0x00000000cfec1d70) 
thrown [s\open\src\hotspot\share\interpreter\linkResolver.cpp, line 805]
Event: 0.114 Thread 0x000001d9ef3962a0 Exception <a 'java/lang/NoSuchMethodError'{0x00000000cfcf7b88}: 'void java.lang.invoke.DirectMethodHandle$Holder.invokeSpecial(java.lang.Object, java.lang.Object, java.lang.Object)'> (0x00000000cfcf7b88) 
thrown [s\open\src\hotspot\share\interpreter\linkResolver.cpp, line 805]
Event: 0.167 Thread 0x000001d9ef3962a0 Exception <a 'java/lang/NoSuchMethodError'{0x00000000cf633b48}: 'void java.lang.invoke.DirectMethodHandle$Holder.invokeSpecial(java.lang.Object, java.lang.Object, java.lang.Object, java.lang.Object, java.lang.Object)'> (0x00000000cf633b48) 
thrown [s\open\src\hotspot\share\interpreter\linkResolver.cpp, line 805]
Event: 0.171 Thread 0x000001d9ef3962a0 Exception <a 'java/lang/NoSuchMethodError'{0x00000000cf6524c8}: 'java.lang.Object java.lang.invoke.DirectMethodHandle$Holder.invokeInterface(java.lang.Object, java.lang.Object)'> (0x00000000cf6524c8) 
thrown [s\open\src\hotspot\share\interpreter\linkResolver.cpp, line 805]
Event: 0.171 Thread 0x000001d9ef3962a0 Exception <a 'java/lang/IncompatibleClassChangeError'{0x00000000cf65a1c0}: Found class java.lang.Object, but interface was expected> (0x00000000cf65a1c0) 
thrown [s\open\src\hotspot\share\interpreter\linkResolver.cpp, line 872]
Event: 0.172 Thread 0x000001d9ef3962a0 Exception <a 'java/lang/NoSuchMethodError'{0x00000000cf661fe0}: 'void java.lang.invoke.DirectMethodHandle$Holder.invokeStatic(java.lang.Object, java.lang.Object, java.lang.Object, java.lang.Object)'> (0x00000000cf661fe0) 
thrown [s\open\src\hotspot\share\interpreter\linkResolver.cpp, line 805]
Event: 0.177 Thread 0x000001d9ef3962a0 Implicit null exception at 0x000001d987ad4053 to 0x000001d987ad41ec
Event: 0.217 Thread 0x000001d9ef3962a0 Exception <a 'java/lang/NoSuchMethodError'{0x00000000cf480718}: 'java.lang.Object java.lang.invoke.Invokers$Holder.invokeExact_MT(java.lang.Object, java.lang.Object, java.lang.Object, java.lang.Object, java.lang.Object, java.lang.Object)'> (0x00000000cf480718) 
thrown [s\open\src\hotspot\share\interpreter\linkResolver.cpp, line 805]
Event: 0.221 Thread 0x000001d9ef3962a0 Exception <a 'java/lang/NoSuchMethodError'{0x00000000cf4a14b0}: 'void java.lang.invoke.DirectMethodHandle$Holder.invokeStatic(java.lang.Object, java.lang.Object)'> (0x00000000cf4a14b0) 
thrown [s\open\src\hotspot\share\interpreter\linkResolver.cpp, line 805]
Event: 0.327 Thread 0x000001d9ef3962a0 Exception <a 'java/lang/NoSuchMethodError'{0x00000000cf197020}: 'java.lang.Object java.lang.invoke.DirectMethodHandle$Holder.invokeStaticInit(java.lang.Object)'> (0x00000000cf197020) 
thrown [s\open\src\hotspot\share\interpreter\linkResolver.cpp, line 805]
Event: 0.344 Thread 0x000001d9ef3962a0 Exception <a 'java/lang/NoSuchMethodError'{0x00000000cf0826a8}: 'void java.lang.invoke.DirectMethodHandle$Holder.invokeStatic(java.lang.Object, java.lang.Object, java.lang.Object)'> (0x00000000cf0826a8) 
thrown [s\open\src\hotspot\share\interpreter\linkResolver.cpp, line 805]
Event: 0.521 Thread 0x000001d9ef3962a0 Exception <a 'java/lang/NoSuchMethodError'{0x00000000cf0aae68}: 'int java.lang.invoke.DirectMethodHandle$Holder.invokeStaticInit(java.lang.Object, java.lang.Object, java.lang.Object)'> (0x00000000cf0aae68) 
thrown [s\open\src\hotspot\share\interpreter\linkResolver.cpp, line 805]
Event: 0.537 Thread 0x000001d9ef3962a0 Exception <a 'java/lang/NoSuchMethodError'{0x00000000cee8f178}: 'java.lang.Object java.lang.invoke.DirectMethodHandle$Holder.newInvokeSpecial(java.lang.Object, java.lang.Object, int, java.lang.Object)'> (0x00000000cee8f178) 
thrown [s\open\src\hotspot\share\interpreter\linkResolver.cpp, line 805]

VM Operations (6 events):
Event: 0.094 Executing VM operation: HandshakeAllThreads (Deoptimize)
Event: 0.094 Executing VM operation: HandshakeAllThreads (Deoptimize) done
Event: 0.169 Executing VM operation: HandshakeAllThreads (Deoptimize)
Event: 0.169 Executing VM operation: HandshakeAllThreads (Deoptimize) done
Event: 0.530 Executing VM operation: HandshakeAllThreads (Deoptimize)
Event: 0.530 Executing VM operation: HandshakeAllThreads (Deoptimize) done

Memory protections (0 events):
No events

Nmethod flushes (0 events):
No events

Events (18 events):
Event: 0.033 Thread 0x000001d9ef3962a0 Thread added: 0x000001d9ef3962a0
Event: 0.042 Thread 0x000001d9ef3962a0 Thread added: 0x000001d9a10082d0
Event: 0.042 Thread 0x000001d9ef3962a0 Thread added: 0x000001d9a1008a10
Event: 0.042 Thread 0x000001d9ef3962a0 Thread added: 0x000001d9a10100d0
Event: 0.042 Thread 0x000001d9ef3962a0 Thread added: 0x000001d9a1010810
Event: 0.042 Thread 0x000001d9ef3962a0 Thread added: 0x000001d9a101e010
Event: 0.043 Thread 0x000001d9ef3962a0 Thread added: 0x000001d9a102a340
Event: 0.043 Thread 0x000001d9ef3962a0 Thread added: 0x000001d9a102fab0
Event: 0.043 Thread 0x000001d9ef3962a0 Thread added: 0x000001d9a1030240
Event: 0.063 Thread 0x000001d9ef3962a0 Thread added: 0x000001d9a10e9be0
Event: 0.109 Thread 0x000001d9a1030240 Thread added: 0x000001d9a11e6b90
Event: 0.131 Thread 0x000001d9a11e6b90 Thread added: 0x000001d9a11c8fe0
Event: 0.183 Thread 0x000001d9ef3962a0 Thread added: 0x000001d9a10ea330
Event: 0.298 Thread 0x000001d9a11c8fe0 Thread exited: 0x000001d9a11c8fe0
Event: 0.302 Thread 0x000001d9a11e6b90 Thread exited: 0x000001d9a11e6b90
Event: 0.345 Thread 0x000001d9ef3962a0 Thread added: 0x000001d9a10e85f0
Event: 0.536 Thread 0x000001d9ef3962a0 Thread added: 0x000001d9a10e9490
Event: 0.538 Thread 0x000001d9ef3962a0 Thread added: 0x000001d9a10eaa80


Dynamic libraries:
0x00007ff6e5b80000 - 0x00007ff6e5b90000 	C:\Program Files\Java\jdk-24\bin\javaw.exe
0x00007ffb6e0a0000 - 0x00007ffb6e307000 	C:\WINDOWS\SYSTEM32\ntdll.dll
0x00007ffb6c4c0000 - 0x00007ffb6c589000 	C:\WINDOWS\System32\KERNEL32.DLL
0x00007ffb6b1f0000 - 0x00007ffb6b5df000 	C:\WINDOWS\System32\KERNELBASE.dll
0x00007ffb6b970000 - 0x00007ffb6babb000 	C:\WINDOWS\System32\ucrtbase.dll
0x00007ffb4a510000 - 0x00007ffb4a52b000 	C:\Program Files\Java\jdk-24\bin\VCRUNTIME140.dll
0x00007ffb4ac00000 - 0x00007ffb4ac16000 	C:\Program Files\Java\jdk-24\bin\jli.dll
0x00007ffb6d590000 - 0x00007ffb6d755000 	C:\WINDOWS\System32\USER32.dll
0x00007ffb4df40000 - 0x00007ffb4e1d3000 	C:\WINDOWS\WinSxS\amd64_microsoft.windows.common-controls_6595b64144ccf1df_6.0.26100.7309_none_3e05feeae336a044\COMCTL32.dll
0x00007ffb6b760000 - 0x00007ffb6b787000 	C:\WINDOWS\System32\win32u.dll
0x00007ffb6d140000 - 0x00007ffb6d1e9000 	C:\WINDOWS\System32\msvcrt.dll
0x00007ffb6cfb0000 - 0x00007ffb6cfdb000 	C:\WINDOWS\System32\GDI32.dll
0x00007ffb6b840000 - 0x00007ffb6b96c000 	C:\WINDOWS\System32\gdi32full.dll
0x00007ffb6b790000 - 0x00007ffb6b833000 	C:\WINDOWS\System32\msvcp_win.dll
0x00007ffb6bf40000 - 0x00007ffb6bf71000 	C:\WINDOWS\System32\IMM32.DLL
0x00007ffb64210000 - 0x00007ffb6421c000 	C:\Program Files\Java\jdk-24\bin\vcruntime140_1.dll
0x00007ffb1cd70000 - 0x00007ffb1cdfe000 	C:\Program Files\Java\jdk-24\bin\msvcp140.dll
0x00007ffad51f0000 - 0x00007ffad5f91000 	C:\Program Files\Java\jdk-24\bin\server\jvm.dll
0x00007ffb6d3c0000 - 0x00007ffb6d474000 	C:\WINDOWS\System32\ADVAPI32.dll
0x00007ffb6da00000 - 0x00007ffb6daa6000 	C:\WINDOWS\System32\sechost.dll
0x00007ffb6dac0000 - 0x00007ffb6dbd8000 	C:\WINDOWS\System32\RPCRT4.dll
0x00007ffb6d0c0000 - 0x00007ffb6d134000 	C:\WINDOWS\System32\WS2_32.dll
0x00007ffb6b050000 - 0x00007ffb6b0ae000 	C:\WINDOWS\SYSTEM32\POWRPROF.dll
0x00007ffb5e190000 - 0x00007ffb5e1c5000 	C:\WINDOWS\SYSTEM32\WINMM.dll
0x00007ffb638e0000 - 0x00007ffb638eb000 	C:\WINDOWS\SYSTEM32\VERSION.dll
0x00007ffb6b030000 - 0x00007ffb6b044000 	C:\WINDOWS\SYSTEM32\UMPDC.dll
0x00007ffb69fa0000 - 0x00007ffb69fbb000 	C:\WINDOWS\SYSTEM32\kernel.appcore.dll
0x00007ffb64120000 - 0x00007ffb6412a000 	C:\Program Files\Java\jdk-24\bin\jimage.dll
0x00007ffb62a10000 - 0x00007ffb62c52000 	C:\WINDOWS\SYSTEM32\DBGHELP.DLL
0x00007ffb6dc40000 - 0x00007ffb6dfc5000 	C:\WINDOWS\System32\combase.dll
0x00007ffb6cfe0000 - 0x00007ffb6d0b6000 	C:\WINDOWS\System32\OLEAUT32.dll
0x00007ffb48390000 - 0x00007ffb483cc000 	C:\WINDOWS\SYSTEM32\dbgcore.DLL
0x00007ffb6bac0000 - 0x00007ffb6bb65000 	C:\WINDOWS\System32\bcryptPrimitives.dll
0x00007ffb45090000 - 0x00007ffb450ae000 	C:\Program Files\Java\jdk-24\bin\java.dll
0x00007ffb6d220000 - 0x00007ffb6d3b7000 	C:\WINDOWS\System32\ole32.dll
0x00007ffb6c590000 - 0x00007ffb6cce3000 	C:\WINDOWS\System32\SHELL32.dll
0x00007ffb6b5f0000 - 0x00007ffb6b75a000 	C:\WINDOWS\System32\wintypes.dll
0x00007ffb68e10000 - 0x00007ffb6966e000 	C:\WINDOWS\SYSTEM32\windows.storage.dll
0x00007ffb6d480000 - 0x00007ffb6d575000 	C:\WINDOWS\System32\SHCORE.dll
0x00007ffb6d990000 - 0x00007ffb6d9f6000 	C:\WINDOWS\System32\shlwapi.dll
0x00007ffb6b110000 - 0x00007ffb6b139000 	C:\WINDOWS\SYSTEM32\profapi.dll
0x00007ffb19080000 - 0x00007ffb19157000 	C:\Program Files\Java\jdk-24\bin\jsvml.dll
0x00007ffb5a340000 - 0x00007ffb5a350000 	C:\Program Files\Java\jdk-24\bin\net.dll
0x00007ffb6a510000 - 0x00007ffb6a57b000 	C:\WINDOWS\system32\mswsock.dll
0x00007ffb444e0000 - 0x00007ffb444f6000 	C:\Program Files\Java\jdk-24\bin\nio.dll
0x00007ffb40ab0000 - 0x00007ffb40ac7000 	C:\Program Files\Java\jdk-24\bin\zip.dll
0x000001d9a1d70000 - 0x000001d9a1d74000 	D:\KULIAH PENTING\CODING\javaSDK\javafx-sdk-25.0.1\bin\api-ms-win-core-console-l1-1-0.dll
0x000001d9a1d80000 - 0x000001d9a1d84000 	D:\KULIAH PENTING\CODING\javaSDK\javafx-sdk-25.0.1\bin\api-ms-win-core-console-l1-2-0.dll
0x000001d9a1d90000 - 0x000001d9a1d94000 	D:\KULIAH PENTING\CODING\javaSDK\javafx-sdk-25.0.1\bin\api-ms-win-core-datetime-l1-1-0.dll
0x000001d9a1da0000 - 0x000001d9a1da4000 	D:\KULIAH PENTING\CODING\javaSDK\javafx-sdk-25.0.1\bin\api-ms-win-core-debug-l1-1-0.dll
0x000001d9a1db0000 - 0x000001d9a1db4000 	D:\KULIAH PENTING\CODING\javaSDK\javafx-sdk-25.0.1\bin\api-ms-win-core-errorhandling-l1-1-0.dll
0x000001d9a1dc0000 - 0x000001d9a1dc5000 	D:\KULIAH PENTING\CODING\javaSDK\javafx-sdk-25.0.1\bin\api-ms-win-core-file-l1-1-0.dll
0x000001d9a1dd0000 - 0x000001d9a1dd4000 	D:\KULIAH PENTING\CODING\javaSDK\javafx-sdk-25.0.1\bin\api-ms-win-core-file-l1-2-0.dll
0x000001d9a1de0000 - 0x000001d9a1de4000 	D:\KULIAH PENTING\CODING\javaSDK\javafx-sdk-25.0.1\bin\api-ms-win-core-file-l2-1-0.dll
0x000001d9a1df0000 - 0x000001d9a1df4000 	D:\KULIAH PENTING\CODING\javaSDK\javafx-sdk-25.0.1\bin\api-ms-win-core-handle-l1-1-0.dll
0x000001d9a1e00000 - 0x000001d9a1e04000 	D:\KULIAH PENTING\CODING\javaSDK\javafx-sdk-25.0.1\bin\api-ms-win-core-heap-l1-1-0.dll
0x000001d9a1e10000 - 0x000001d9a1e14000 	D:\KULIAH PENTING\CODING\javaSDK\javafx-sdk-25.0.1\bin\api-ms-win-core-interlocked-l1-1-0.dll
0x000001d9a1e20000 - 0x000001d9a1e24000 	D:\KULIAH PENTING\CODING\javaSDK\javafx-sdk-25.0.1\bin\api-ms-win-core-libraryloader-l1-1-0.dll
0x000001d9a1e30000 - 0x000001d9a1e34000 	D:\KULIAH PENTING\CODING\javaSDK\javafx-sdk-25.0.1\bin\api-ms-win-core-localization-l1-2-0.dll
0x000001d9a1e40000 - 0x000001d9a1e44000 	D:\KULIAH PENTING\CODING\javaSDK\javafx-sdk-25.0.1\bin\api-ms-win-core-memory-l1-1-0.dll
0x000001d9a1e50000 - 0x000001d9a1e54000 	D:\KULIAH PENTING\CODING\javaSDK\javafx-sdk-25.0.1\bin\api-ms-win-core-namedpipe-l1-1-0.dll
0x000001d9a1e60000 - 0x000001d9a1e64000 	D:\KULIAH PENTING\CODING\javaSDK\javafx-sdk-25.0.1\bin\api-ms-win-core-processenvironment-l1-1-0.dll
0x000001d9a1e70000 - 0x000001d9a1e74000 	D:\KULIAH PENTING\CODING\javaSDK\javafx-sdk-25.0.1\bin\api-ms-win-core-processthreads-l1-1-0.dll
0x000001d9a1e80000 - 0x000001d9a1e84000 	D:\KULIAH PENTING\CODING\javaSDK\javafx-sdk-25.0.1\bin\api-ms-win-core-processthreads-l1-1-1.dll
0x000001d9a1e90000 - 0x000001d9a1e94000 	D:\KULIAH PENTING\CODING\javaSDK\javafx-sdk-25.0.1\bin\api-ms-win-core-profile-l1-1-0.dll
0x000001d9a1ea0000 - 0x000001d9a1ea4000 	D:\KULIAH PENTING\CODING\javaSDK\javafx-sdk-25.0.1\bin\api-ms-win-core-rtlsupport-l1-1-0.dll
0x000001d9a1eb0000 - 0x000001d9a1eb4000 	D:\KULIAH PENTING\CODING\javaSDK\javafx-sdk-25.0.1\bin\api-ms-win-core-string-l1-1-0.dll
0x000001d9a1ec0000 - 0x000001d9a1ec4000 	D:\KULIAH PENTING\CODING\javaSDK\javafx-sdk-25.0.1\bin\api-ms-win-core-synch-l1-1-0.dll
0x000001d9a1ed0000 - 0x000001d9a1ed4000 	D:\KULIAH PENTING\CODING\javaSDK\javafx-sdk-25.0.1\bin\api-ms-win-core-synch-l1-2-0.dll
0x000001d9a1ee0000 - 0x000001d9a1ee4000 	D:\KULIAH PENTING\CODING\javaSDK\javafx-sdk-25.0.1\bin\api-ms-win-core-sysinfo-l1-1-0.dll
0x000001d9a1ef0000 - 0x000001d9a1ef4000 	D:\KULIAH PENTING\CODING\javaSDK\javafx-sdk-25.0.1\bin\api-ms-win-core-timezone-l1-1-0.dll
0x000001d9a1f00000 - 0x000001d9a1f04000 	D:\KULIAH PENTING\CODING\javaSDK\javafx-sdk-25.0.1\bin\api-ms-win-core-util-l1-1-0.dll
0x000001d9a1f10000 - 0x000001d9a1f14000 	D:\KULIAH PENTING\CODING\javaSDK\javafx-sdk-25.0.1\bin\api-ms-win-crt-conio-l1-1-0.dll
0x000001d9a1f20000 - 0x000001d9a1f25000 	D:\KULIAH PENTING\CODING\javaSDK\javafx-sdk-25.0.1\bin\api-ms-win-crt-convert-l1-1-0.dll
0x000001d9a1f30000 - 0x000001d9a1f34000 	D:\KULIAH PENTING\CODING\javaSDK\javafx-sdk-25.0.1\bin\api-ms-win-crt-environment-l1-1-0.dll
0x000001d9a1f40000 - 0x000001d9a1f44000 	D:\KULIAH PENTING\CODING\javaSDK\javafx-sdk-25.0.1\bin\api-ms-win-crt-filesystem-l1-1-0.dll
0x000001d9a1f50000 - 0x000001d9a1f54000 	D:\KULIAH PENTING\CODING\javaSDK\javafx-sdk-25.0.1\bin\api-ms-win-crt-heap-l1-1-0.dll
0x000001d9a1f60000 - 0x000001d9a1f64000 	D:\KULIAH PENTING\CODING\javaSDK\javafx-sdk-25.0.1\bin\api-ms-win-crt-locale-l1-1-0.dll
0x000001d9a1f70000 - 0x000001d9a1f76000 	D:\KULIAH PENTING\CODING\javaSDK\javafx-sdk-25.0.1\bin\api-ms-win-crt-math-l1-1-0.dll
0x000001d9a1f80000 - 0x000001d9a1f86000 	D:\KULIAH PENTING\CODING\javaSDK\javafx-sdk-25.0.1\bin\api-ms-win-crt-multibyte-l1-1-0.dll
0x000001d9a1f90000 - 0x000001d9a1fa1000 	D:\KULIAH PENTING\CODING\javaSDK\javafx-sdk-25.0.1\bin\api-ms-win-crt-private-l1-1-0.dll
0x000001d9a1fb0000 - 0x000001d9a1fb4000 	D:\KULIAH PENTING\CODING\javaSDK\javafx-sdk-25.0.1\bin\api-ms-win-crt-process-l1-1-0.dll
0x000001d9a1fc0000 - 0x000001d9a1fc5000 	D:\KULIAH PENTING\CODING\javaSDK\javafx-sdk-25.0.1\bin\api-ms-win-crt-runtime-l1-1-0.dll
0x000001d9a1fd0000 - 0x000001d9a1fd5000 	D:\KULIAH PENTING\CODING\javaSDK\javafx-sdk-25.0.1\bin\api-ms-win-crt-stdio-l1-1-0.dll
0x000001d9a1fe0000 - 0x000001d9a1fe5000 	D:\KULIAH PENTING\CODING\javaSDK\javafx-sdk-25.0.1\bin\api-ms-win-crt-string-l1-1-0.dll
0x000001d9a1ff0000 - 0x000001d9a1ff4000 	D:\KULIAH PENTING\CODING\javaSDK\javafx-sdk-25.0.1\bin\api-ms-win-crt-time-l1-1-0.dll
0x000001d9a2000000 - 0x000001d9a2004000 	D:\KULIAH PENTING\CODING\javaSDK\javafx-sdk-25.0.1\bin\api-ms-win-crt-utility-l1-1-0.dll
0x00007ffb11200000 - 0x00007ffb11311000 	D:\KULIAH PENTING\CODING\javaSDK\javafx-sdk-25.0.1\bin\ucrtbase.dll
0x00007ffb371b0000 - 0x00007ffb371ce000 	D:\KULIAH PENTING\CODING\javaSDK\javafx-sdk-25.0.1\bin\vcruntime140.dll
0x00007ffb58360000 - 0x00007ffb5836c000 	D:\KULIAH PENTING\CODING\javaSDK\javafx-sdk-25.0.1\bin\vcruntime140_1.dll
0x00007ffb15ef0000 - 0x00007ffb15f7d000 	D:\KULIAH PENTING\CODING\javaSDK\javafx-sdk-25.0.1\bin\msvcp140.dll
0x00007ffb546c0000 - 0x00007ffb546c9000 	D:\KULIAH PENTING\CODING\javaSDK\javafx-sdk-25.0.1\bin\msvcp140_1.dll
0x00007ffb1e340000 - 0x00007ffb1e381000 	D:\KULIAH PENTING\CODING\javaSDK\javafx-sdk-25.0.1\bin\msvcp140_2.dll
0x00007ffb29110000 - 0x00007ffb29140000 	D:\KULIAH PENTING\CODING\javaSDK\javafx-sdk-25.0.1\bin\prism_d3d.dll
0x00007ffb3f6e0000 - 0x00007ffb3f893000 	C:\WINDOWS\system32\d3d9.dll
0x00007ffb68740000 - 0x00007ffb68770000 	C:\WINDOWS\SYSTEM32\dwmapi.dll
0x00007ffb68570000 - 0x00007ffb685b4000 	C:\WINDOWS\SYSTEM32\dxcore.dll
0x00007ffb64c10000 - 0x00007ffb64cbb000 	C:\WINDOWS\system32\uxtheme.dll
0x00007ffa62270000 - 0x00007ffa65ab4000 	C:\WINDOWS\System32\DriverStore\FileRepository\u0404232.inf_amd64_569be387b288a74f\B402913\amdxn64.dll
0x00007ffb6bf80000 - 0x00007ffb6c40a000 	C:\WINDOWS\System32\SETUPAPI.dll
0x00007ffb685c0000 - 0x00007ffb686fb000 	C:\WINDOWS\SYSTEM32\dxgi.dll
0x00007ffb6b0e0000 - 0x00007ffb6b10a000 	C:\WINDOWS\SYSTEM32\BCrypt.dll
0x00007ffb5daa0000 - 0x00007ffb5dad7000 	C:\WINDOWS\System32\DriverStore\FileRepository\u0404232.inf_amd64_569be387b288a74f\B402913\amdihk64.dll
0x00007ffb64f70000 - 0x00007ffb64fd3000 	C:\WINDOWS\SYSTEM32\directxdatabasehelper.dll
0x00007ffb4a680000 - 0x00007ffb4a742000 	C:\WINDOWS\System32\DriverStore\FileRepository\nvami.inf_amd64_04ce3a5a4e50fd9b\nvldumdx.dll
0x00007ffb6a900000 - 0x00007ffb6a913000 	C:\WINDOWS\SYSTEM32\msasn1.dll
0x00007ffb638a0000 - 0x00007ffb638db000 	C:\WINDOWS\SYSTEM32\cryptnet.dll
0x00007ffb6bc00000 - 0x00007ffb6bd77000 	C:\WINDOWS\System32\CRYPT32.dll
0x00007ffb6a7f0000 - 0x00007ffb6a7fc000 	C:\WINDOWS\SYSTEM32\cryptbase.dll
0x00007ffb6a890000 - 0x00007ffb6a8f5000 	C:\WINDOWS\SYSTEM32\wldp.dll
0x00007ffb636f0000 - 0x00007ffb6386b000 	C:\WINDOWS\SYSTEM32\drvstore.dll
0x00007ffb6ad90000 - 0x00007ffb6adbd000 	C:\WINDOWS\SYSTEM32\devobj.dll
0x00007ffb6ad30000 - 0x00007ffb6ad87000 	C:\WINDOWS\SYSTEM32\cfgmgr32.dll
0x00007ffb6bb70000 - 0x00007ffb6bbf0000 	C:\WINDOWS\System32\wintrust.dll
0x00007ffb6d1f0000 - 0x00007ffb6d210000 	C:\WINDOWS\System32\imagehlp.dll
0x00007ffb6a7d0000 - 0x00007ffb6a7eb000 	C:\WINDOWS\SYSTEM32\CRYPTSP.dll
0x00007ffb69f00000 - 0x00007ffb69f3a000 	C:\WINDOWS\system32\rsaenh.dll
0x00007ffb205f0000 - 0x00007ffb240a3000 	C:\WINDOWS\System32\DriverStore\FileRepository\nvami.inf_amd64_04ce3a5a4e50fd9b\nvgpucomp64.dll
0x00007ffb25060000 - 0x00007ffb2513d000 	C:\WINDOWS\System32\DriverStore\FileRepository\nvami.inf_amd64_04ce3a5a4e50fd9b\NvMemMapStoragex.dll
0x00007ffa460a0000 - 0x00007ffa4832d000 	C:\WINDOWS\System32\DriverStore\FileRepository\nvami.inf_amd64_04ce3a5a4e50fd9b\nvd3dumx.dll
0x00007ffb1cb50000 - 0x00007ffb1cb99000 	D:\KULIAH PENTING\CODING\javaSDK\javafx-sdk-25.0.1\bin\glass.dll
0x00007ffb6be40000 - 0x00007ffb6bf30000 	C:\WINDOWS\System32\COMDLG32.dll
0x00007ffb6cee0000 - 0x00007ffb6cf90000 	C:\WINDOWS\System32\clbcatq.dll
0x00007ffb595c0000 - 0x00007ffb59712000 	C:\Windows\System32\Windows.UI.dll
0x00007ffb42480000 - 0x00007ffb4253b000 	C:\Windows\System32\Windows.Networking.Connectivity.dll
0x00007ffb5ca00000 - 0x00007ffb5cc44000 	C:\Windows\System32\twinapi.appcore.dll
0x00007ffb6ccf0000 - 0x00007ffb6ce4e000 	C:\WINDOWS\System32\MSCTF.dll
0x00007ffb54800000 - 0x00007ffb54950000 	C:\Windows\System32\Windows.UI.Immersive.dll

JVMTI agents: none

dbghelp: loaded successfully - version: 4.0.5 - missing functions: none
symbol engine: initialized successfully - sym options: 0x614 - pdb path: .;C:\Program Files\Java\jdk-24\bin;C:\WINDOWS\SYSTEM32;C:\WINDOWS\WinSxS\amd64_microsoft.windows.common-controls_6595b64144ccf1df_6.0.26100.7309_none_3e05feeae336a044;C:\Program Files\Java\jdk-24\bin\server;D:\KULIAH PENTING\CODING\javaSDK\javafx-sdk-25.0.1\bin;C:\WINDOWS\System32\DriverStore\FileRepository\u0404232.inf_amd64_569be387b288a74f\B402913;C:\WINDOWS\System32\DriverStore\FileRepository\nvami.inf_amd64_04ce3a5a4e50fd9b

VM Arguments:
jvm_args: -Xms256m -Xmx1024m -XX:MaxMetaspaceSize=256m --module-path=D:\KULIAH PENTING\CODING\javaSDK\javafx-sdk-25.0.1\lib --add-modules=javafx.controls,javafx.fxml -Xms256m -Xmx1024m -XX:MaxMetaspaceSize=256m --module-path=D:\KULIAH PENTING\CODING\javaSDK\javafx-sdk-25.0.1\lib --add-modules=javafx.controls,javafx.fxml -Dfile.encoding=UTF-8 -Dstdout.encoding=UTF-8 -Dstderr.encoding=UTF-8 --module-path=D:\KULIAH PENTING\CODING\JAVA\SIVERA\bin;D:\KULIAH PENTING\CODING\javaSDK\mysql-connector-j-9.5.0\mysql-connector-j-9.5.0\mysql-connector-j-9.5.0.jar;D:\KULIAH PENTING\CODING\javaSDK\javafx-sdk-25.0.1\lib\javafx.base.jar;D:\KULIAH PENTING\CODING\javaSDK\javafx-sdk-25.0.1\lib\javafx.controls.jar;D:\KULIAH PENTING\CODING\javaSDK\javafx-sdk-25.0.1\lib\javafx.fxml.jar;D:\KULIAH PENTING\CODING\javaSDK\javafx-sdk-25.0.1\lib\javafx.graphics.jar;D:\KULIAH PENTING\CODING\javaSDK\javafx-sdk-25.0.1\lib\javafx.media.jar;D:\KULIAH PENTING\CODING\javaSDK\javafx-sdk-25.0.1\lib\javafx.swing.jar;D:\KULIAH PENTING\CODING\javaSDK\javafx-sdk-25.0.1\lib\javafx.web.jar;D:\KULIAH PENTING\CODING\javaSDK\javafx-sdk-25.0.1\lib\javafx-swt.jar;D:\KULIAH PENTING\CODING\javaSDK\javafx-sdk-25.0.1\lib\jdk.jsobject.jar;D:\KULIAH PENTING\CODING\javaSDK\javafx-sdk-25.0.1\lib\jfx.incubator.input.jar;D:\KULIAH PENTING\CODING\javaSDK\javafx-sdk-25.0.1\lib\jfx.incubator.richtext.jar -XX:+ShowCodeDetailsInExceptionMessages -Djdk.module.main=SIVERA 
java_command: SIVERA/application.Main
java_class_path (initial): <not set>
Launcher Type: SUN_STANDARD

[Global flags]
     intx CICompilerCount                          = 4                                         {product} {ergonomic}
   size_t CompressedClassSpaceSize                 = 218103808                                 {product} {ergonomic}
     uint ConcGCThreads                            = 3                                         {product} {ergonomic}
     uint G1ConcRefinementThreads                  = 10                                        {product} {ergonomic}
   size_t G1HeapRegionSize                         = 1048576                                   {product} {ergonomic}
   size_t InitialHeapSize                          = 268435456                                 {product} {command line}
   size_t MarkStackSize                            = 4194304                                   {product} {ergonomic}
   size_t MarkStackSizeMax                         = 536870912                                 {product} {ergonomic}
   size_t MaxHeapSize                              = 1073741824                                {product} {command line}
   size_t MaxMetaspaceSize                         = 268435456                                 {product} {command line}
   size_t MaxNewSize                               = 643825664                                 {product} {ergonomic}
   size_t MinHeapDeltaBytes                        = 1048576                                   {product} {ergonomic}
   size_t MinHeapSize                              = 268435456                                 {product} {command line}
    uintx NonNMethodCodeHeapSize                   = 5832704                                {pd product} {ergonomic}
    uintx NonProfiledCodeHeapSize                  = 122945536                              {pd product} {ergonomic}
    uintx ProfiledCodeHeapSize                     = 122880000                              {pd product} {ergonomic}
    uintx ReservedCodeCacheSize                    = 251658240                              {pd product} {ergonomic}
     bool SegmentedCodeCache                       = true                                      {product} {ergonomic}
     bool ShowCodeDetailsInExceptionMessages       = true                                   {manageable} {command line}
   size_t SoftMaxHeapSize                          = 1073741824                             {manageable} {ergonomic}
     bool UseCompressedOops                        = true                           {product lp64_product} {ergonomic}
     bool UseG1GC                                  = true                                      {product} {ergonomic}
     bool UseLargePagesIndividualAllocation        = false                                  {pd product} {ergonomic}

Logging:
Log output configuration:
 #0: stdout all=warning uptime,level,tags foldmultilines=false
 #1: stderr all=off uptime,level,tags foldmultilines=false

Environment Variables:
PATH=C:/Users/ASUS TUF/.p2/pool/plugins/org.eclipse.justj.openjdk.hotspot.jre.full.win32.x86_64_21.0.8.v20250724-1412/jre/bin/server;C:/Users/ASUS TUF/.p2/pool/plugins/org.eclipse.justj.openjdk.hotspot.jre.full.win32.x86_64_21.0.8.v20250724-1412/jre/bin;C:\Program Files\Common Files\Oracle\Java\javapath;C:\Program Files (x86)\Common Files\Oracle\Java\java8path;C:\Program Files (x86)\Common Files\Oracle\Java\javapath;C:\ProgramData\Oracle\Java\javapath;C:\WINDOWS\system32;C:\WINDOWS;C:\WINDOWS\System32\Wbem;C:\WINDOWS\System32\WindowsPowerShell\v1.0\;C:\WINDOWS\System32\OpenSSH\;C:\Program Files (x86)\NVIDIA Corporation\PhysX\Common;C:\Program Files\NVIDIA Corporation\NVIDIA NvDLISR;C:\Program Files\dotnet\;C:\Program Files\Git\cmd;C:\Users\ASUS TUF\AppData\Local\Programs\Python\Python313;C:\Users\ASUS TUF\AppData\Local\Programs\Python\Python313\Scripts;C:\mingw64\bin;C:\Program Files\nodejs\;C:\ProgramData\chocolatey\bin;C:\Program Files\Java\jdk-25\bin;C:\Program Files\PuTTY\;C:\Users\ASUS TUF\AppData\Local\Programs\Python\Launcher\;C:\Users\ASUS TUF\AppData\Local\Microsoft\WindowsApps;C:\Users\ASUS TUF\AppData\Local\Programs\Microsoft VS Code\bin;C:\MinGW\bin;C:\Users\ASUS TUF\AppData\Roaming\npm;D:\KULIAH PENTING\IntelliJ IDEA 2025.2\bin;C:\Program Files\Java\jdk-24\bin;C:\Users\ASUS TUF\AppData\Local\Programs\Python\Python313;C:\Users\ASUS TUF\AppData\Local\Programs\Python\Python313\Scripts;;C:\Users\ASUS TUF\OneDrive\Desktop;
USERNAME=ASUS TUF
OS=Windows_NT
PROCESSOR_IDENTIFIER=AMD64 Family 25 Model 68 Stepping 1, AuthenticAMD
TMP=C:\Users\ASUSTU~1\AppData\Local\Temp
TEMP=C:\Users\ASUSTU~1\AppData\Local\Temp




Periodic native trim disabled

---------------  S Y S T E M  ---------------

OS:
 Windows 11 , 64 bit Build 26100 (10.0.26100.7309)
OS uptime: 7 days 7:10 hours

CPU: total 12 (initial active 12) (12 cores per cpu, 2 threads per core) family 25 model 68 stepping 1 microcode 0xa404107, cx8, cmov, fxsr, ht, mmx, 3dnowpref, sse, sse2, sse3, ssse3, sse4a, sse4.1, sse4.2, popcnt, lzcnt, tsc, tscinvbit, avx, avx2, aes, erms, clmul, bmi1, bmi2, adx, sha, fma, vzeroupper, clflush, clflushopt, rdtscp, rdpid, fsrm, f16c, pku, cet_ss
Processor Information for the first 12 processors :
  Max Mhz: 3301, Current Mhz: 3301, Mhz Limit: 3301

Memory: 4k page, system-wide physical 15690M (948M free)
TotalPageFile size 47272M (AvailPageFile size 137M)
current process WorkingSet (physical memory assigned to process): 113M, peak: 113M
current process commit charge ("private bytes"): 388M, peak: 394M

vm_info: Java HotSpot(TM) 64-Bit Server VM (24.0.2+12-54) for windows-amd64 JRE (24.0.2+12-54), built on 2025-07-08T12:10:27Z with MS VC++ 17.6 (VS2022)

END.
